#
# A fatal error has been detected by the Java Runtime Environment:
#
#  SIGSEGV (0xb) at pc=0x00007f1c810ceea5, pid=13490, tid=13496
#
# JRE version: OpenJDK Runtime Environment (10.0.1+10) (build 10.0.1+10-Ubuntu-3ubuntu1)
# Java VM: OpenJDK 64-Bit Server VM (10.0.1+10-Ubuntu-3ubuntu1, mixed mode, tiered, compressed oops, g1 gc, linux-amd64)
# Problematic frame:
# C  [libvisp_java320.so+0x13ea5]  Java_org_visp_core_VpImageRGBa_n_1getPixel+0x35
#
# Core dump will be written. Default location: Core dumps may be processed with "/usr/share/apport/apport %p %s %c %d %P" (or dumping to /home/akshay/Projects/GSOC/visp-java-demos/visp-io-module-demo/core.13490)
#
# If you would like to submit a bug report, please visit:
#   http://bugreport.java.com/bugreport/crash.jsp
# The crash happened outside the Java Virtual Machine in native code.
# See problematic frame for where to report the bug.
#

---------------  S U M M A R Y ------------

Command Line: -Djava.library.path=/home/akshay/Projects/Visp-WS/build/lib -Dfile.encoding=UTF-8 Main

Host: Intel(R) Core(TM) i5-5200U CPU @ 2.20GHz, 4 cores, 11G, Ubuntu 18.04 LTS
Time: Wed Jul 11 11:58:58 2018 IST elapsed time: 0 seconds (0d 0h 0m 0s)

---------------  T H R E A D  ---------------

Current thread (0x00007f1cb8011800):  JavaThread "main" [_thread_in_native, id=13496, stack(0x00007f1cc1391000,0x00007f1cc1492000)]

Stack: [0x00007f1cc1391000,0x00007f1cc1492000],  sp=0x00007f1cc14907f0,  free space=1021k
Native frames: (J=compiled Java code, A=aot compiled Java code, j=interpreted, Vv=VM code, C=native code)
C  [libvisp_java320.so+0x13ea5]  Java_org_visp_core_VpImageRGBa_n_1getPixel+0x35
j  org.visp.core.VpImageRGBa.getPixel(II)Lorg/visp/core/VpRGBa;+6
j  Main.main([Ljava/lang/String;)V+56
v  ~StubRoutines::call_stub
V  [libjvm.so+0x83d38f]
V  [libjvm.so+0x85c3cd]
V  [libjvm.so+0x85e60e]
C  [libjli.so+0x4aa0]
C  [libjli.so+0x89dd]
C  [libpthread.so.0+0x76db]  start_thread+0xdb

Java frames: (J=compiled Java code, j=interpreted, Vv=VM code)
j  org.visp.core.VpImageRGBa.n_getPixel(JII)[B+0
j  org.visp.core.VpImageRGBa.getPixel(II)Lorg/visp/core/VpRGBa;+6
j  Main.main([Ljava/lang/String;)V+56
v  ~StubRoutines::call_stub

siginfo: si_signo: 11 (SIGSEGV), si_code: 1 (SEGV_MAPERR), si_addr: 0x0000000000000004

Register to memory mapping:

RAX=0x0000000000000004 is an unknown value
RBX=0x00007f1cb8011a00 is an unknown value
RCX=0x0000000000000001 is an unknown value
RDX=0x00007f1cb825ed70 is an unknown value
RSP=0x00007f1cc14907f0 is pointing into the stack for thread: 0x00007f1cb8011800
RBP=0x00007f1cc14908b0 is pointing into the stack for thread: 0x00007f1cb8011800
RSI=0x0000000000000004 is an unknown value
RDI=0x00007f1cb8011a00 is an unknown value
R8 =0x0000000000000001 is an unknown value
R9 =0x0000000000000002 is an unknown value
R10=0x00007f1c9fb36821 is at code_begin+897 in an Interpreter codelet
method entry point (kind = native)  [0x00007f1c9fb364a0, 0x00007f1c9fb36ee0]  2624 bytes
R11=0x000000071163b2e8 is an oop
java.lang.Class 
{0x000000071163b2e8} - klass: 'java/lang/Class'
R12=0x0000000000000000 is an unknown value
R13={method} {0x00007f1c8c99de78} 'n_getPixel' '(JII)[B' in 'org/visp/core/VpImageRGBa'
R14=0x00007f1cc14908e8 is pointing into the stack for thread: 0x00007f1cb8011800
R15=0x00007f1cb8011800 is a thread


Registers:
RAX=0x0000000000000004, RBX=0x00007f1cb8011a00, RCX=0x0000000000000001, RDX=0x00007f1cb825ed70
RSP=0x00007f1cc14907f0, RBP=0x00007f1cc14908b0, RSI=0x0000000000000004, RDI=0x00007f1cb8011a00
R8 =0x0000000000000001, R9 =0x0000000000000002, R10=0x00007f1c9fb36821, R11=0x000000071163b2e8
R12=0x0000000000000000, R13=0x00007f1c8c99de78, R14=0x00007f1cc14908e8, R15=0x00007f1cb8011800
RIP=0x00007f1c810ceea5, EFLAGS=0x0000000000010202, CSGSFS=0x002b000000000033, ERR=0x0000000000000004
  TRAPNO=0x000000000000000e

Top of Stack: (sp=0x00007f1cc14907f0)
0x00007f1cc14907f0:   00007f1c8c99de78 8b37ef04652e8e00
0x00007f1cc1490800:   0000000000000000 00007f1c8c99de78
0x00007f1cc1490810:   00007f1cc14908b0 0000000000000000
0x00007f1cc1490820:   00007f1c8c99de78 00007f1cc14908e8 

Instructions: (pc=0x00007f1c810ceea5)
0x00007f1c810cee85:   18 0f af 4a 1c 64 48 8b 04 25 28 00 00 00 48 89
0x00007f1c810cee95:   44 24 08 31 c0 48 8b 42 08 44 01 c1 48 8d 04 88
0x00007f1c810ceea5:   44 0f b6 38 44 0f b6 70 01 44 0f b6 68 02 44 0f
0x00007f1c810ceeb5:   b6 60 03 48 8b 07 ff 90 80 05 00 00 48 89 c5 48 


---------------  P R O C E S S  ---------------

Threads class SMR info:
_java_thread_list=0x00007f1cb8227060, length=10, elements={
0x00007f1cb8011800, 0x00007f1cb817f800, 0x00007f1cb8181800, 0x00007f1cb818a800,
0x00007f1cb8195000, 0x00007f1cb8197000, 0x00007f1cb8199000, 0x00007f1cb819a800,
0x00007f1cb821f800, 0x00007f1cb822d800
}

Java Threads: ( => current thread )
=>0x00007f1cb8011800 JavaThread "main" [_thread_in_native, id=13496, stack(0x00007f1cc1391000,0x00007f1cc1492000)]
  0x00007f1cb817f800 JavaThread "Reference Handler" daemon [_thread_blocked, id=13509, stack(0x00007f1c8c365000,0x00007f1c8c466000)]
  0x00007f1cb8181800 JavaThread "Finalizer" daemon [_thread_blocked, id=13510, stack(0x00007f1c8c264000,0x00007f1c8c365000)]
  0x00007f1cb818a800 JavaThread "Signal Dispatcher" daemon [_thread_blocked, id=13512, stack(0x00007f1c8c163000,0x00007f1c8c264000)]
  0x00007f1cb8195000 JavaThread "C2 CompilerThread0" daemon [_thread_blocked, id=13513, stack(0x00007f1c8c062000,0x00007f1c8c163000)]
  0x00007f1cb8197000 JavaThread "C2 CompilerThread1" daemon [_thread_blocked, id=13514, stack(0x00007f1c81c21000,0x00007f1c81d22000)]
  0x00007f1cb8199000 JavaThread "C1 CompilerThread2" daemon [_thread_blocked, id=13515, stack(0x00007f1c81b20000,0x00007f1c81c21000)]
  0x00007f1cb819a800 JavaThread "Sweeper thread" daemon [_thread_blocked, id=13516, stack(0x00007f1c81a1f000,0x00007f1c81b20000)]
  0x00007f1cb821f800 JavaThread "Service Thread" daemon [_thread_blocked, id=13517, stack(0x00007f1c8191e000,0x00007f1c81a1f000)]
  0x00007f1cb822d800 JavaThread "Common-Cleaner" daemon [_thread_blocked, id=13519, stack(0x00007f1c8171b000,0x00007f1c8181c000)]

Other Threads:
  0x00007f1cb8175800 VMThread "VM Thread" [stack: 0x00007f1c8c468000,0x00007f1c8c568000] [id=13508]
  0x00007f1cb8221800 WatcherThread [stack: 0x00007f1c8181e000,0x00007f1c8191e000] [id=13518]
  0x00007f1cb8028000 GCTaskThread "GC Thread#0" [stack: 0x00007f1cbd4db000,0x00007f1cbd5db000] [id=13497]
  0x00007f1cb8029800 GCTaskThread "GC Thread#1" [stack: 0x00007f1cbd3d9000,0x00007f1cbd4d9000] [id=13498]
  0x00007f1cb802b000 GCTaskThread "GC Thread#2" [stack: 0x00007f1cbd2d7000,0x00007f1cbd3d7000] [id=13499]
  0x00007f1cb802c800 GCTaskThread "GC Thread#3" [stack: 0x00007f1cbd1d5000,0x00007f1cbd2d5000] [id=13500]
  0x00007f1cb8068800 ConcurrentGCThread "G1 Main Marker" [stack: 0x00007f1cbc070000,0x00007f1cbc170000] [id=13501]
  0x00007f1cb806a800 ConcurrentGCThread "G1 Conc#0" [stack: 0x00007f1c9c5c5000,0x00007f1c9c6c5000] [id=13502]
  0x00007f1cb810c800 ConcurrentGCThread "G1 Refine#0" [stack: 0x00007f1c9c0bf000,0x00007f1c9c1bf000] [id=13503]
  0x00007f1cb810e800 ConcurrentGCThread "G1 Refine#1" [stack: 0x00007f1c8d070000,0x00007f1c8d170000] [id=13504]
  0x00007f1cb8110000 ConcurrentGCThread "G1 Refine#2" [stack: 0x00007f1c8cf6e000,0x00007f1c8d06e000] [id=13505]
  0x00007f1cb8112000 ConcurrentGCThread "G1 Refine#3" [stack: 0x00007f1c8ce6c000,0x00007f1c8cf6c000] [id=13506]
  0x00007f1cb8113800 ConcurrentGCThread "G1 Young RemSet Sampling" [stack: 0x00007f1c8cd6a000,0x00007f1c8ce6a000] [id=13507]

Threads with active compile tasks:

VM state:not at safepoint (normal execution)

VM Mutex/Monitor currently owned by a thread: None

Heap address: 0x0000000705c00000, size: 2980 MB, Compressed Oops mode: Zero based, Oop shift amount: 3
Narrow klass base: 0x0000000000000000, Narrow klass shift: 3
Compressed class space size: 1073741824 Address: 0x00000007c0000000

Heap:
 garbage-first heap   total 192512K, used 1024K [0x0000000705c00000, 0x00000007c0000000)
  region size 1024K, 2 young (2048K), 0 survivors (0K)
 Metaspace       used 4674K, capacity 4708K, committed 4864K, reserved 1056768K
  class space    used 390K, capacity 392K, committed 512K, reserved 1048576K
Heap Regions: E=young(eden), S=young(survivor), O=old, HS=humongous(starts), HC=humongous(continues), CS=collection set, F=free, A=archive, TS=gc time stamp, AC=allocation context, TAMS=top-at-mark-start (previous, next)
|   0|0x0000000705c00000, 0x0000000705c00000, 0x0000000705d00000|  0%| F|  |TS  0|AC  0|TAMS 0x0000000705c00000, 0x0000000705c00000|
|   1|0x0000000705d00000, 0x0000000705d00000, 0x0000000705e00000|  0%| F|  |TS  0|AC  0|TAMS 0x0000000705d00000, 0x0000000705d00000|
|   2|0x0000000705e00000, 0x0000000705e00000, 0x0000000705f00000|  0%| F|  |TS  0|AC  0|TAMS 0x0000000705e00000, 0x0000000705e00000|
|   3|0x0000000705f00000, 0x0000000705f00000, 0x0000000706000000|  0%| F|  |TS  0|AC  0|TAMS 0x0000000705f00000, 0x0000000705f00000|
|   4|0x0000000706000000, 0x0000000706000000, 0x0000000706100000|  0%| F|  |TS  0|AC  0|TAMS 0x0000000706000000, 0x0000000706000000|
|   5|0x0000000706100000, 0x0000000706100000, 0x0000000706200000|  0%| F|  |TS  0|AC  0|TAMS 0x0000000706100000, 0x0000000706100000|
|   6|0x0000000706200000, 0x0000000706200000, 0x0000000706300000|  0%| F|  |TS  0|AC  0|TAMS 0x0000000706200000, 0x0000000706200000|
|   7|0x0000000706300000, 0x0000000706300000, 0x0000000706400000|  0%| F|  |TS  0|AC  0|TAMS 0x0000000706300000, 0x0000000706300000|
|   8|0x0000000706400000, 0x0000000706400000, 0x0000000706500000|  0%| F|  |TS  0|AC  0|TAMS 0x0000000706400000, 0x0000000706400000|
|   9|0x0000000706500000, 0x0000000706500000, 0x0000000706600000|  0%| F|  |TS  0|AC  0|TAMS 0x0000000706500000, 0x0000000706500000|
|  10|0x0000000706600000, 0x0000000706600000, 0x0000000706700000|  0%| F|  |TS  0|AC  0|TAMS 0x0000000706600000, 0x0000000706600000|
|  11|0x0000000706700000, 0x0000000706700000, 0x0000000706800000|  0%| F|  |TS  0|AC  0|TAMS 0x0000000706700000, 0x0000000706700000|
|  12|0x0000000706800000, 0x0000000706800000, 0x0000000706900000|  0%| F|  |TS  0|AC  0|TAMS 0x0000000706800000, 0x0000000706800000|
|  13|0x0000000706900000, 0x0000000706900000, 0x0000000706a00000|  0%| F|  |TS  0|AC  0|TAMS 0x0000000706900000, 0x0000000706900000|
|  14|0x0000000706a00000, 0x0000000706a00000, 0x0000000706b00000|  0%| F|  |TS  0|AC  0|TAMS 0x0000000706a00000, 0x0000000706a00000|
|  15|0x0000000706b00000, 0x0000000706b00000, 0x0000000706c00000|  0%| F|  |TS  0|AC  0|TAMS 0x0000000706b00000, 0x0000000706b00000|
|  16|0x0000000706c00000, 0x0000000706c00000, 0x0000000706d00000|  0%| F|  |TS  0|AC  0|TAMS 0x0000000706c00000, 0x0000000706c00000|
|  17|0x0000000706d00000, 0x0000000706d00000, 0x0000000706e00000|  0%| F|  |TS  0|AC  0|TAMS 0x0000000706d00000, 0x0000000706d00000|
|  18|0x0000000706e00000, 0x0000000706e00000, 0x0000000706f00000|  0%| F|  |TS  0|AC  0|TAMS 0x0000000706e00000, 0x0000000706e00000|
|  19|0x0000000706f00000, 0x0000000706f00000, 0x0000000707000000|  0%| F|  |TS  0|AC  0|TAMS 0x0000000706f00000, 0x0000000706f00000|
|  20|0x0000000707000000, 0x0000000707000000, 0x0000000707100000|  0%| F|  |TS  0|AC  0|TAMS 0x0000000707000000, 0x0000000707000000|
|  21|0x0000000707100000, 0x0000000707100000, 0x0000000707200000|  0%| F|  |TS  0|AC  0|TAMS 0x0000000707100000, 0x0000000707100000|
|  22|0x0000000707200000, 0x0000000707200000, 0x0000000707300000|  0%| F|  |TS  0|AC  0|TAMS 0x0000000707200000, 0x0000000707200000|
|  23|0x0000000707300000, 0x0000000707300000, 0x0000000707400000|  0%| F|  |TS  0|AC  0|TAMS 0x0000000707300000, 0x0000000707300000|
|  24|0x0000000707400000, 0x0000000707400000, 0x0000000707500000|  0%| F|  |TS  0|AC  0|TAMS 0x0000000707400000, 0x0000000707400000|
|  25|0x0000000707500000, 0x0000000707500000, 0x0000000707600000|  0%| F|  |TS  0|AC  0|TAMS 0x0000000707500000, 0x0000000707500000|
|  26|0x0000000707600000, 0x0000000707600000, 0x0000000707700000|  0%| F|  |TS  0|AC  0|TAMS 0x0000000707600000, 0x0000000707600000|
|  27|0x0000000707700000, 0x0000000707700000, 0x0000000707800000|  0%| F|  |TS  0|AC  0|TAMS 0x0000000707700000, 0x0000000707700000|
|  28|0x0000000707800000, 0x0000000707800000, 0x0000000707900000|  0%| F|  |TS  0|AC  0|TAMS 0x0000000707800000, 0x0000000707800000|
|  29|0x0000000707900000, 0x0000000707900000, 0x0000000707a00000|  0%| F|  |TS  0|AC  0|TAMS 0x0000000707900000, 0x0000000707900000|
|  30|0x0000000707a00000, 0x0000000707a00000, 0x0000000707b00000|  0%| F|  |TS  0|AC  0|TAMS 0x0000000707a00000, 0x0000000707a00000|
|  31|0x0000000707b00000, 0x0000000707b00000, 0x0000000707c00000|  0%| F|  |TS  0|AC  0|TAMS 0x0000000707b00000, 0x0000000707b00000|
|  32|0x0000000707c00000, 0x0000000707c00000, 0x0000000707d00000|  0%| F|  |TS  0|AC  0|TAMS 0x0000000707c00000, 0x0000000707c00000|
|  33|0x0000000707d00000, 0x0000000707d00000, 0x0000000707e00000|  0%| F|  |TS  0|AC  0|TAMS 0x0000000707d00000, 0x0000000707d00000|
|  34|0x0000000707e00000, 0x0000000707e00000, 0x0000000707f00000|  0%| F|  |TS  0|AC  0|TAMS 0x0000000707e00000, 0x0000000707e00000|
|  35|0x0000000707f00000, 0x0000000707f00000, 0x0000000708000000|  0%| F|  |TS  0|AC  0|TAMS 0x0000000707f00000, 0x0000000707f00000|
|  36|0x0000000708000000, 0x0000000708000000, 0x0000000708100000|  0%| F|  |TS  0|AC  0|TAMS 0x0000000708000000, 0x0000000708000000|
|  37|0x0000000708100000, 0x0000000708100000, 0x0000000708200000|  0%| F|  |TS  0|AC  0|TAMS 0x0000000708100000, 0x0000000708100000|
|  38|0x0000000708200000, 0x0000000708200000, 0x0000000708300000|  0%| F|  |TS  0|AC  0|TAMS 0x0000000708200000, 0x0000000708200000|
|  39|0x0000000708300000, 0x0000000708300000, 0x0000000708400000|  0%| F|  |TS  0|AC  0|TAMS 0x0000000708300000, 0x0000000708300000|
|  40|0x0000000708400000, 0x0000000708400000, 0x0000000708500000|  0%| F|  |TS  0|AC  0|TAMS 0x0000000708400000, 0x0000000708400000|
|  41|0x0000000708500000, 0x0000000708500000, 0x0000000708600000|  0%| F|  |TS  0|AC  0|TAMS 0x0000000708500000, 0x0000000708500000|
|  42|0x0000000708600000, 0x0000000708600000, 0x0000000708700000|  0%| F|  |TS  0|AC  0|TAMS 0x0000000708600000, 0x0000000708600000|
|  43|0x0000000708700000, 0x0000000708700000, 0x0000000708800000|  0%| F|  |TS  0|AC  0|TAMS 0x0000000708700000, 0x0000000708700000|
|  44|0x0000000708800000, 0x0000000708800000, 0x0000000708900000|  0%| F|  |TS  0|AC  0|TAMS 0x0000000708800000, 0x0000000708800000|
|  45|0x0000000708900000, 0x0000000708900000, 0x0000000708a00000|  0%| F|  |TS  0|AC  0|TAMS 0x0000000708900000, 0x0000000708900000|
|  46|0x0000000708a00000, 0x0000000708a00000, 0x0000000708b00000|  0%| F|  |TS  0|AC  0|TAMS 0x0000000708a00000, 0x0000000708a00000|
|  47|0x0000000708b00000, 0x0000000708b00000, 0x0000000708c00000|  0%| F|  |TS  0|AC  0|TAMS 0x0000000708b00000, 0x0000000708b00000|
|  48|0x0000000708c00000, 0x0000000708c00000, 0x0000000708d00000|  0%| F|  |TS  0|AC  0|TAMS 0x0000000708c00000, 0x0000000708c00000|
|  49|0x0000000708d00000, 0x0000000708d00000, 0x0000000708e00000|  0%| F|  |TS  0|AC  0|TAMS 0x0000000708d00000, 0x0000000708d00000|
|  50|0x0000000708e00000, 0x0000000708e00000, 0x0000000708f00000|  0%| F|  |TS  0|AC  0|TAMS 0x0000000708e00000, 0x0000000708e00000|
|  51|0x0000000708f00000, 0x0000000708f00000, 0x0000000709000000|  0%| F|  |TS  0|AC  0|TAMS 0x0000000708f00000, 0x0000000708f00000|
|  52|0x0000000709000000, 0x0000000709000000, 0x0000000709100000|  0%| F|  |TS  0|AC  0|TAMS 0x0000000709000000, 0x0000000709000000|
|  53|0x0000000709100000, 0x0000000709100000, 0x0000000709200000|  0%| F|  |TS  0|AC  0|TAMS 0x0000000709100000, 0x0000000709100000|
|  54|0x0000000709200000, 0x0000000709200000, 0x0000000709300000|  0%| F|  |TS  0|AC  0|TAMS 0x0000000709200000, 0x0000000709200000|
|  55|0x0000000709300000, 0x0000000709300000, 0x0000000709400000|  0%| F|  |TS  0|AC  0|TAMS 0x0000000709300000, 0x0000000709300000|
|  56|0x0000000709400000, 0x0000000709400000, 0x0000000709500000|  0%| F|  |TS  0|AC  0|TAMS 0x0000000709400000, 0x0000000709400000|
|  57|0x0000000709500000, 0x0000000709500000, 0x0000000709600000|  0%| F|  |TS  0|AC  0|TAMS 0x0000000709500000, 0x0000000709500000|
|  58|0x0000000709600000, 0x0000000709600000, 0x0000000709700000|  0%| F|  |TS  0|AC  0|TAMS 0x0000000709600000, 0x0000000709600000|
|  59|0x0000000709700000, 0x0000000709700000, 0x0000000709800000|  0%| F|  |TS  0|AC  0|TAMS 0x0000000709700000, 0x0000000709700000|
|  60|0x0000000709800000, 0x0000000709800000, 0x0000000709900000|  0%| F|  |TS  0|AC  0|TAMS 0x0000000709800000, 0x0000000709800000|
|  61|0x0000000709900000, 0x0000000709900000, 0x0000000709a00000|  0%| F|  |TS  0|AC  0|TAMS 0x0000000709900000, 0x0000000709900000|
|  62|0x0000000709a00000, 0x0000000709a00000, 0x0000000709b00000|  0%| F|  |TS  0|AC  0|TAMS 0x0000000709a00000, 0x0000000709a00000|
|  63|0x0000000709b00000, 0x0000000709b00000, 0x0000000709c00000|  0%| F|  |TS  0|AC  0|TAMS 0x0000000709b00000, 0x0000000709b00000|
|  64|0x0000000709c00000, 0x0000000709c00000, 0x0000000709d00000|  0%| F|  |TS  0|AC  0|TAMS 0x0000000709c00000, 0x0000000709c00000|
|  65|0x0000000709d00000, 0x0000000709d00000, 0x0000000709e00000|  0%| F|  |TS  0|AC  0|TAMS 0x0000000709d00000, 0x0000000709d00000|
|  66|0x0000000709e00000, 0x0000000709e00000, 0x0000000709f00000|  0%| F|  |TS  0|AC  0|TAMS 0x0000000709e00000, 0x0000000709e00000|
|  67|0x0000000709f00000, 0x0000000709f00000, 0x000000070a000000|  0%| F|  |TS  0|AC  0|TAMS 0x0000000709f00000, 0x0000000709f00000|
|  68|0x000000070a000000, 0x000000070a000000, 0x000000070a100000|  0%| F|  |TS  0|AC  0|TAMS 0x000000070a000000, 0x000000070a000000|
|  69|0x000000070a100000, 0x000000070a100000, 0x000000070a200000|  0%| F|  |TS  0|AC  0|TAMS 0x000000070a100000, 0x000000070a100000|
|  70|0x000000070a200000, 0x000000070a200000, 0x000000070a300000|  0%| F|  |TS  0|AC  0|TAMS 0x000000070a200000, 0x000000070a200000|
|  71|0x000000070a300000, 0x000000070a300000, 0x000000070a400000|  0%| F|  |TS  0|AC  0|TAMS 0x000000070a300000, 0x000000070a300000|
|  72|0x000000070a400000, 0x000000070a400000, 0x000000070a500000|  0%| F|  |TS  0|AC  0|TAMS 0x000000070a400000, 0x000000070a400000|
|  73|0x000000070a500000, 0x000000070a500000, 0x000000070a600000|  0%| F|  |TS  0|AC  0|TAMS 0x000000070a500000, 0x000000070a500000|
|  74|0x000000070a600000, 0x000000070a600000, 0x000000070a700000|  0%| F|  |TS  0|AC  0|TAMS 0x000000070a600000, 0x000000070a600000|
|  75|0x000000070a700000, 0x000000070a700000, 0x000000070a800000|  0%| F|  |TS  0|AC  0|TAMS 0x000000070a700000, 0x000000070a700000|
|  76|0x000000070a800000, 0x000000070a800000, 0x000000070a900000|  0%| F|  |TS  0|AC  0|TAMS 0x000000070a800000, 0x000000070a800000|
|  77|0x000000070a900000, 0x000000070a900000, 0x000000070aa00000|  0%| F|  |TS  0|AC  0|TAMS 0x000000070a900000, 0x000000070a900000|
|  78|0x000000070aa00000, 0x000000070aa00000, 0x000000070ab00000|  0%| F|  |TS  0|AC  0|TAMS 0x000000070aa00000, 0x000000070aa00000|
|  79|0x000000070ab00000, 0x000000070ab00000, 0x000000070ac00000|  0%| F|  |TS  0|AC  0|TAMS 0x000000070ab00000, 0x000000070ab00000|
|  80|0x000000070ac00000, 0x000000070ac00000, 0x000000070ad00000|  0%| F|  |TS  0|AC  0|TAMS 0x000000070ac00000, 0x000000070ac00000|
|  81|0x000000070ad00000, 0x000000070ad00000, 0x000000070ae00000|  0%| F|  |TS  0|AC  0|TAMS 0x000000070ad00000, 0x000000070ad00000|
|  82|0x000000070ae00000, 0x000000070ae00000, 0x000000070af00000|  0%| F|  |TS  0|AC  0|TAMS 0x000000070ae00000, 0x000000070ae00000|
|  83|0x000000070af00000, 0x000000070af00000, 0x000000070b000000|  0%| F|  |TS  0|AC  0|TAMS 0x000000070af00000, 0x000000070af00000|
|  84|0x000000070b000000, 0x000000070b000000, 0x000000070b100000|  0%| F|  |TS  0|AC  0|TAMS 0x000000070b000000, 0x000000070b000000|
|  85|0x000000070b100000, 0x000000070b100000, 0x000000070b200000|  0%| F|  |TS  0|AC  0|TAMS 0x000000070b100000, 0x000000070b100000|
|  86|0x000000070b200000, 0x000000070b200000, 0x000000070b300000|  0%| F|  |TS  0|AC  0|TAMS 0x000000070b200000, 0x000000070b200000|
|  87|0x000000070b300000, 0x000000070b300000, 0x000000070b400000|  0%| F|  |TS  0|AC  0|TAMS 0x000000070b300000, 0x000000070b300000|
|  88|0x000000070b400000, 0x000000070b400000, 0x000000070b500000|  0%| F|  |TS  0|AC  0|TAMS 0x000000070b400000, 0x000000070b400000|
|  89|0x000000070b500000, 0x000000070b500000, 0x000000070b600000|  0%| F|  |TS  0|AC  0|TAMS 0x000000070b500000, 0x000000070b500000|
|  90|0x000000070b600000, 0x000000070b600000, 0x000000070b700000|  0%| F|  |TS  0|AC  0|TAMS 0x000000070b600000, 0x000000070b600000|
|  91|0x000000070b700000, 0x000000070b700000, 0x000000070b800000|  0%| F|  |TS  0|AC  0|TAMS 0x000000070b700000, 0x000000070b700000|
|  92|0x000000070b800000, 0x000000070b800000, 0x000000070b900000|  0%| F|  |TS  0|AC  0|TAMS 0x000000070b800000, 0x000000070b800000|
|  93|0x000000070b900000, 0x000000070b900000, 0x000000070ba00000|  0%| F|  |TS  0|AC  0|TAMS 0x000000070b900000, 0x000000070b900000|
|  94|0x000000070ba00000, 0x000000070ba00000, 0x000000070bb00000|  0%| F|  |TS  0|AC  0|TAMS 0x000000070ba00000, 0x000000070ba00000|
|  95|0x000000070bb00000, 0x000000070bb00000, 0x000000070bc00000|  0%| F|  |TS  0|AC  0|TAMS 0x000000070bb00000, 0x000000070bb00000|
|  96|0x000000070bc00000, 0x000000070bc00000, 0x000000070bd00000|  0%| F|  |TS  0|AC  0|TAMS 0x000000070bc00000, 0x000000070bc00000|
|  97|0x000000070bd00000, 0x000000070bd00000, 0x000000070be00000|  0%| F|  |TS  0|AC  0|TAMS 0x000000070bd00000, 0x000000070bd00000|
|  98|0x000000070be00000, 0x000000070be00000, 0x000000070bf00000|  0%| F|  |TS  0|AC  0|TAMS 0x000000070be00000, 0x000000070be00000|
|  99|0x000000070bf00000, 0x000000070bf00000, 0x000000070c000000|  0%| F|  |TS  0|AC  0|TAMS 0x000000070bf00000, 0x000000070bf00000|
| 100|0x000000070c000000, 0x000000070c000000, 0x000000070c100000|  0%| F|  |TS  0|AC  0|TAMS 0x000000070c000000, 0x000000070c000000|
| 101|0x000000070c100000, 0x000000070c100000, 0x000000070c200000|  0%| F|  |TS  0|AC  0|TAMS 0x000000070c100000, 0x000000070c100000|
| 102|0x000000070c200000, 0x000000070c200000, 0x000000070c300000|  0%| F|  |TS  0|AC  0|TAMS 0x000000070c200000, 0x000000070c200000|
| 103|0x000000070c300000, 0x000000070c300000, 0x000000070c400000|  0%| F|  |TS  0|AC  0|TAMS 0x000000070c300000, 0x000000070c300000|
| 104|0x000000070c400000, 0x000000070c400000, 0x000000070c500000|  0%| F|  |TS  0|AC  0|TAMS 0x000000070c400000, 0x000000070c400000|
| 105|0x000000070c500000, 0x000000070c500000, 0x000000070c600000|  0%| F|  |TS  0|AC  0|TAMS 0x000000070c500000, 0x000000070c500000|
| 106|0x000000070c600000, 0x000000070c600000, 0x000000070c700000|  0%| F|  |TS  0|AC  0|TAMS 0x000000070c600000, 0x000000070c600000|
| 107|0x000000070c700000, 0x000000070c700000, 0x000000070c800000|  0%| F|  |TS  0|AC  0|TAMS 0x000000070c700000, 0x000000070c700000|
| 108|0x000000070c800000, 0x000000070c800000, 0x000000070c900000|  0%| F|  |TS  0|AC  0|TAMS 0x000000070c800000, 0x000000070c800000|
| 109|0x000000070c900000, 0x000000070c900000, 0x000000070ca00000|  0%| F|  |TS  0|AC  0|TAMS 0x000000070c900000, 0x000000070c900000|
| 110|0x000000070ca00000, 0x000000070ca00000, 0x000000070cb00000|  0%| F|  |TS  0|AC  0|TAMS 0x000000070ca00000, 0x000000070ca00000|
| 111|0x000000070cb00000, 0x000000070cb00000, 0x000000070cc00000|  0%| F|  |TS  0|AC  0|TAMS 0x000000070cb00000, 0x000000070cb00000|
| 112|0x000000070cc00000, 0x000000070cc00000, 0x000000070cd00000|  0%| F|  |TS  0|AC  0|TAMS 0x000000070cc00000, 0x000000070cc00000|
| 113|0x000000070cd00000, 0x000000070cd00000, 0x000000070ce00000|  0%| F|  |TS  0|AC  0|TAMS 0x000000070cd00000, 0x000000070cd00000|
| 114|0x000000070ce00000, 0x000000070ce00000, 0x000000070cf00000|  0%| F|  |TS  0|AC  0|TAMS 0x000000070ce00000, 0x000000070ce00000|
| 115|0x000000070cf00000, 0x000000070cf00000, 0x000000070d000000|  0%| F|  |TS  0|AC  0|TAMS 0x000000070cf00000, 0x000000070cf00000|
| 116|0x000000070d000000, 0x000000070d000000, 0x000000070d100000|  0%| F|  |TS  0|AC  0|TAMS 0x000000070d000000, 0x000000070d000000|
| 117|0x000000070d100000, 0x000000070d100000, 0x000000070d200000|  0%| F|  |TS  0|AC  0|TAMS 0x000000070d100000, 0x000000070d100000|
| 118|0x000000070d200000, 0x000000070d200000, 0x000000070d300000|  0%| F|  |TS  0|AC  0|TAMS 0x000000070d200000, 0x000000070d200000|
| 119|0x000000070d300000, 0x000000070d300000, 0x000000070d400000|  0%| F|  |TS  0|AC  0|TAMS 0x000000070d300000, 0x000000070d300000|
| 120|0x000000070d400000, 0x000000070d400000, 0x000000070d500000|  0%| F|  |TS  0|AC  0|TAMS 0x000000070d400000, 0x000000070d400000|
| 121|0x000000070d500000, 0x000000070d500000, 0x000000070d600000|  0%| F|  |TS  0|AC  0|TAMS 0x000000070d500000, 0x000000070d500000|
| 122|0x000000070d600000, 0x000000070d600000, 0x000000070d700000|  0%| F|  |TS  0|AC  0|TAMS 0x000000070d600000, 0x000000070d600000|
| 123|0x000000070d700000, 0x000000070d700000, 0x000000070d800000|  0%| F|  |TS  0|AC  0|TAMS 0x000000070d700000, 0x000000070d700000|
| 124|0x000000070d800000, 0x000000070d800000, 0x000000070d900000|  0%| F|  |TS  0|AC  0|TAMS 0x000000070d800000, 0x000000070d800000|
| 125|0x000000070d900000, 0x000000070d900000, 0x000000070da00000|  0%| F|  |TS  0|AC  0|TAMS 0x000000070d900000, 0x000000070d900000|
| 126|0x000000070da00000, 0x000000070da00000, 0x000000070db00000|  0%| F|  |TS  0|AC  0|TAMS 0x000000070da00000, 0x000000070da00000|
| 127|0x000000070db00000, 0x000000070db00000, 0x000000070dc00000|  0%| F|  |TS  0|AC  0|TAMS 0x000000070db00000, 0x000000070db00000|
| 128|0x000000070dc00000, 0x000000070dc00000, 0x000000070dd00000|  0%| F|  |TS  0|AC  0|TAMS 0x000000070dc00000, 0x000000070dc00000|
| 129|0x000000070dd00000, 0x000000070dd00000, 0x000000070de00000|  0%| F|  |TS  0|AC  0|TAMS 0x000000070dd00000, 0x000000070dd00000|
| 130|0x000000070de00000, 0x000000070de00000, 0x000000070df00000|  0%| F|  |TS  0|AC  0|TAMS 0x000000070de00000, 0x000000070de00000|
| 131|0x000000070df00000, 0x000000070df00000, 0x000000070e000000|  0%| F|  |TS  0|AC  0|TAMS 0x000000070df00000, 0x000000070df00000|
| 132|0x000000070e000000, 0x000000070e000000, 0x000000070e100000|  0%| F|  |TS  0|AC  0|TAMS 0x000000070e000000, 0x000000070e000000|
| 133|0x000000070e100000, 0x000000070e100000, 0x000000070e200000|  0%| F|  |TS  0|AC  0|TAMS 0x000000070e100000, 0x000000070e100000|
| 134|0x000000070e200000, 0x000000070e200000, 0x000000070e300000|  0%| F|  |TS  0|AC  0|TAMS 0x000000070e200000, 0x000000070e200000|
| 135|0x000000070e300000, 0x000000070e300000, 0x000000070e400000|  0%| F|  |TS  0|AC  0|TAMS 0x000000070e300000, 0x000000070e300000|
| 136|0x000000070e400000, 0x000000070e400000, 0x000000070e500000|  0%| F|  |TS  0|AC  0|TAMS 0x000000070e400000, 0x000000070e400000|
| 137|0x000000070e500000, 0x000000070e500000, 0x000000070e600000|  0%| F|  |TS  0|AC  0|TAMS 0x000000070e500000, 0x000000070e500000|
| 138|0x000000070e600000, 0x000000070e600000, 0x000000070e700000|  0%| F|  |TS  0|AC  0|TAMS 0x000000070e600000, 0x000000070e600000|
| 139|0x000000070e700000, 0x000000070e700000, 0x000000070e800000|  0%| F|  |TS  0|AC  0|TAMS 0x000000070e700000, 0x000000070e700000|
| 140|0x000000070e800000, 0x000000070e800000, 0x000000070e900000|  0%| F|  |TS  0|AC  0|TAMS 0x000000070e800000, 0x000000070e800000|
| 141|0x000000070e900000, 0x000000070e900000, 0x000000070ea00000|  0%| F|  |TS  0|AC  0|TAMS 0x000000070e900000, 0x000000070e900000|
| 142|0x000000070ea00000, 0x000000070ea00000, 0x000000070eb00000|  0%| F|  |TS  0|AC  0|TAMS 0x000000070ea00000, 0x000000070ea00000|
| 143|0x000000070eb00000, 0x000000070eb00000, 0x000000070ec00000|  0%| F|  |TS  0|AC  0|TAMS 0x000000070eb00000, 0x000000070eb00000|
| 144|0x000000070ec00000, 0x000000070ec00000, 0x000000070ed00000|  0%| F|  |TS  0|AC  0|TAMS 0x000000070ec00000, 0x000000070ec00000|
| 145|0x000000070ed00000, 0x000000070ed00000, 0x000000070ee00000|  0%| F|  |TS  0|AC  0|TAMS 0x000000070ed00000, 0x000000070ed00000|
| 146|0x000000070ee00000, 0x000000070ee00000, 0x000000070ef00000|  0%| F|  |TS  0|AC  0|TAMS 0x000000070ee00000, 0x000000070ee00000|
| 147|0x000000070ef00000, 0x000000070ef00000, 0x000000070f000000|  0%| F|  |TS  0|AC  0|TAMS 0x000000070ef00000, 0x000000070ef00000|
| 148|0x000000070f000000, 0x000000070f000000, 0x000000070f100000|  0%| F|  |TS  0|AC  0|TAMS 0x000000070f000000, 0x000000070f000000|
| 149|0x000000070f100000, 0x000000070f100000, 0x000000070f200000|  0%| F|  |TS  0|AC  0|TAMS 0x000000070f100000, 0x000000070f100000|
| 150|0x000000070f200000, 0x000000070f200000, 0x000000070f300000|  0%| F|  |TS  0|AC  0|TAMS 0x000000070f200000, 0x000000070f200000|
| 151|0x000000070f300000, 0x000000070f300000, 0x000000070f400000|  0%| F|  |TS  0|AC  0|TAMS 0x000000070f300000, 0x000000070f300000|
| 152|0x000000070f400000, 0x000000070f400000, 0x000000070f500000|  0%| F|  |TS  0|AC  0|TAMS 0x000000070f400000, 0x000000070f400000|
| 153|0x000000070f500000, 0x000000070f500000, 0x000000070f600000|  0%| F|  |TS  0|AC  0|TAMS 0x000000070f500000, 0x000000070f500000|
| 154|0x000000070f600000, 0x000000070f600000, 0x000000070f700000|  0%| F|  |TS  0|AC  0|TAMS 0x000000070f600000, 0x000000070f600000|
| 155|0x000000070f700000, 0x000000070f700000, 0x000000070f800000|  0%| F|  |TS  0|AC  0|TAMS 0x000000070f700000, 0x000000070f700000|
| 156|0x000000070f800000, 0x000000070f800000, 0x000000070f900000|  0%| F|  |TS  0|AC  0|TAMS 0x000000070f800000, 0x000000070f800000|
| 157|0x000000070f900000, 0x000000070f900000, 0x000000070fa00000|  0%| F|  |TS  0|AC  0|TAMS 0x000000070f900000, 0x000000070f900000|
| 158|0x000000070fa00000, 0x000000070fa00000, 0x000000070fb00000|  0%| F|  |TS  0|AC  0|TAMS 0x000000070fa00000, 0x000000070fa00000|
| 159|0x000000070fb00000, 0x000000070fb00000, 0x000000070fc00000|  0%| F|  |TS  0|AC  0|TAMS 0x000000070fb00000, 0x000000070fb00000|
| 160|0x000000070fc00000, 0x000000070fc00000, 0x000000070fd00000|  0%| F|  |TS  0|AC  0|TAMS 0x000000070fc00000, 0x000000070fc00000|
| 161|0x000000070fd00000, 0x000000070fd00000, 0x000000070fe00000|  0%| F|  |TS  0|AC  0|TAMS 0x000000070fd00000, 0x000000070fd00000|
| 162|0x000000070fe00000, 0x000000070fe00000, 0x000000070ff00000|  0%| F|  |TS  0|AC  0|TAMS 0x000000070fe00000, 0x000000070fe00000|
| 163|0x000000070ff00000, 0x000000070ff00000, 0x0000000710000000|  0%| F|  |TS  0|AC  0|TAMS 0x000000070ff00000, 0x000000070ff00000|
| 164|0x0000000710000000, 0x0000000710000000, 0x0000000710100000|  0%| F|  |TS  0|AC  0|TAMS 0x0000000710000000, 0x0000000710000000|
| 165|0x0000000710100000, 0x0000000710100000, 0x0000000710200000|  0%| F|  |TS  0|AC  0|TAMS 0x0000000710100000, 0x0000000710100000|
| 166|0x0000000710200000, 0x0000000710200000, 0x0000000710300000|  0%| F|  |TS  0|AC  0|TAMS 0x0000000710200000, 0x0000000710200000|
| 167|0x0000000710300000, 0x0000000710300000, 0x0000000710400000|  0%| F|  |TS  0|AC  0|TAMS 0x0000000710300000, 0x0000000710300000|
| 168|0x0000000710400000, 0x0000000710400000, 0x0000000710500000|  0%| F|  |TS  0|AC  0|TAMS 0x0000000710400000, 0x0000000710400000|
| 169|0x0000000710500000, 0x0000000710500000, 0x0000000710600000|  0%| F|  |TS  0|AC  0|TAMS 0x0000000710500000, 0x0000000710500000|
| 170|0x0000000710600000, 0x0000000710600000, 0x0000000710700000|  0%| F|  |TS  0|AC  0|TAMS 0x0000000710600000, 0x0000000710600000|
| 171|0x0000000710700000, 0x0000000710700000, 0x0000000710800000|  0%| F|  |TS  0|AC  0|TAMS 0x0000000710700000, 0x0000000710700000|
| 172|0x0000000710800000, 0x0000000710800000, 0x0000000710900000|  0%| F|  |TS  0|AC  0|TAMS 0x0000000710800000, 0x0000000710800000|
| 173|0x0000000710900000, 0x0000000710900000, 0x0000000710a00000|  0%| F|  |TS  0|AC  0|TAMS 0x0000000710900000, 0x0000000710900000|
| 174|0x0000000710a00000, 0x0000000710a00000, 0x0000000710b00000|  0%| F|  |TS  0|AC  0|TAMS 0x0000000710a00000, 0x0000000710a00000|
| 175|0x0000000710b00000, 0x0000000710b00000, 0x0000000710c00000|  0%| F|  |TS  0|AC  0|TAMS 0x0000000710b00000, 0x0000000710b00000|
| 176|0x0000000710c00000, 0x0000000710c00000, 0x0000000710d00000|  0%| F|  |TS  0|AC  0|TAMS 0x0000000710c00000, 0x0000000710c00000|
| 177|0x0000000710d00000, 0x0000000710d00000, 0x0000000710e00000|  0%| F|  |TS  0|AC  0|TAMS 0x0000000710d00000, 0x0000000710d00000|
| 178|0x0000000710e00000, 0x0000000710e00000, 0x0000000710f00000|  0%| F|  |TS  0|AC  0|TAMS 0x0000000710e00000, 0x0000000710e00000|
| 179|0x0000000710f00000, 0x0000000710f00000, 0x0000000711000000|  0%| F|  |TS  0|AC  0|TAMS 0x0000000710f00000, 0x0000000710f00000|
| 180|0x0000000711000000, 0x0000000711000000, 0x0000000711100000|  0%| F|  |TS  0|AC  0|TAMS 0x0000000711000000, 0x0000000711000000|
| 181|0x0000000711100000, 0x0000000711100000, 0x0000000711200000|  0%| F|  |TS  0|AC  0|TAMS 0x0000000711100000, 0x0000000711100000|
| 182|0x0000000711200000, 0x0000000711200000, 0x0000000711300000|  0%| F|  |TS  0|AC  0|TAMS 0x0000000711200000, 0x0000000711200000|
| 183|0x0000000711300000, 0x0000000711300000, 0x0000000711400000|  0%| F|  |TS  0|AC  0|TAMS 0x0000000711300000, 0x0000000711300000|
| 184|0x0000000711400000, 0x0000000711400000, 0x0000000711500000|  0%| F|  |TS  0|AC  0|TAMS 0x0000000711400000, 0x0000000711400000|
| 185|0x0000000711500000, 0x0000000711500000, 0x0000000711600000|  0%| F|  |TS  0|AC  0|TAMS 0x0000000711500000, 0x0000000711500000|
| 186|0x0000000711600000, 0x0000000711648300, 0x0000000711700000| 28%| E|  |TS  0|AC  0|TAMS 0x0000000711600000, 0x0000000711600000|
| 187|0x0000000711700000, 0x0000000711800000, 0x0000000711800000|100%| E|CS|TS  0|AC  0|TAMS 0x0000000711700000, 0x0000000711700000|

Card table byte_map: [0x00007f1cbc22b000,0x00007f1cbc7fd000] byte_map_base: 0x00007f1cb89fd000

Marking Bits (Prev, Next): (CMBitMap*) 0x00007f1cb8067c20, (CMBitMap*) 0x00007f1cb8067c58
 Prev Bits: [0x00007f1c9c6c5000, 0x00007f1c9f555000)
 Next Bits: [0x00007f1c8d170000, 0x00007f1c90000000)

Polling page: 0x00007f1cc14d0000

CodeHeap 'non-profiled nmethods': size=120032Kb used=24Kb max_used=24Kb free=120008Kb
 bounds [0x00007f1ca75ef000, 0x00007f1ca785f000, 0x00007f1caeb27000]
CodeHeap 'profiled nmethods': size=120032Kb used=121Kb max_used=121Kb free=119910Kb
 bounds [0x00007f1ca00b7000, 0x00007f1ca0327000, 0x00007f1ca75ef000]
CodeHeap 'non-nmethods': size=5696Kb used=1004Kb max_used=1004Kb free=4691Kb
 bounds [0x00007f1c9fb27000, 0x00007f1c9fd97000, 0x00007f1ca00b7000]
 total_blobs=438 nmethods=96 adapters=197
 compilation: enabled

Compilation events (10 events):
Event: 0.159 Thread 0x00007f1cb8199000   93       3       java.lang.CharacterDataLatin1::getProperties (11 bytes)
Event: 0.159 Thread 0x00007f1cb8199000 nmethod 93 0x00007f1ca00d4190 code [0x00007f1ca00d4340, 0x00007f1ca00d44d0]
Event: 0.160 Thread 0x00007f1cb8199000   94       3       java.lang.Character::toLowerCase (9 bytes)
Event: 0.160 Thread 0x00007f1cb8199000 nmethod 94 0x00007f1ca00d4590 code [0x00007f1ca00d4760, 0x00007f1ca00d4998]
Event: 0.160 Thread 0x00007f1cb8199000   95       3       java.lang.CharacterDataLatin1::toLowerCase (39 bytes)
Event: 0.160 Thread 0x00007f1cb8199000 nmethod 95 0x00007f1ca00d4a90 code [0x00007f1ca00d4c60, 0x00007f1ca00d4ef0]
Event: 0.161 Thread 0x00007f1cb8199000   96       1       java.util.concurrent.ConcurrentHashMap::spread (10 bytes)
Event: 0.161 Thread 0x00007f1cb8199000 nmethod 96 0x00007f1ca75f4d10 code [0x00007f1ca75f4ec0, 0x00007f1ca75f4fb0]
Event: 0.161 Thread 0x00007f1cb8199000   97       3       java.lang.String::indexOf (7 bytes)
Event: 0.162 Thread 0x00007f1cb8199000 nmethod 97 0x00007f1ca00d5010 code [0x00007f1ca00d5200, 0x00007f1ca00d5558]

GC Heap History (0 events):
No events

Deoptimization events (1 events):
Event: 0.082 Thread 0x00007f1cb8011800 Uncommon trap: reason=unstable_if action=reinterpret pc=0x00007f1ca75f3e6c method=java.lang.String.hashCode()I @ 14 c2

Classes redefined (0 events):
No events

Internal exceptions (0 events):
No events

Events (10 events):
Event: 0.159 loading class java/io/ByteArrayOutputStream
Event: 0.159 loading class java/io/ByteArrayOutputStream done
Event: 0.160 loading class java/lang/Package
Event: 0.160 loading class java/lang/Package done
Event: 0.160 loading class java/lang/Package$VersionInfo
Event: 0.160 loading class java/lang/Package$VersionInfo done
Event: 0.160 loading class sun/security/util/ManifestEntryVerifier
Event: 0.160 loading class sun/security/util/ManifestEntryVerifier done
Event: 0.162 loading class java/lang/UnsupportedOperationException
Event: 0.162 loading class java/lang/UnsupportedOperationException done


Dynamic libraries:
705c00000-711800000 rw-p 00000000 00:00 0 
711800000-7c0000000 ---p 00000000 00:00 0 
7c0000000-7c0080000 rw-p 00000000 00:00 0 
7c0080000-800000000 ---p 00000000 00:00 0 
55e171d0d000-55e171d0e000 r-xp 00000000 08:03 2514866                    /usr/lib/jvm/java-11-openjdk-amd64/bin/java
55e171f0e000-55e171f0f000 r--p 00001000 08:03 2514866                    /usr/lib/jvm/java-11-openjdk-amd64/bin/java
55e171f0f000-55e171f10000 rw-p 00002000 08:03 2514866                    /usr/lib/jvm/java-11-openjdk-amd64/bin/java
55e17351f000-55e173540000 rw-p 00000000 00:00 0                          [heap]
7f1c24684000-7f1c28684000 rw-p 00000000 00:00 0 
7f1c28684000-7f1c28685000 ---p 00000000 00:00 0 
7f1c28685000-7f1c28e85000 rwxp 00000000 00:00 0 
7f1c28e85000-7f1c2ae85000 rw-p 00000000 00:00 0 
7f1c2ae85000-7f1c2ae86000 ---p 00000000 00:00 0 
7f1c2ae86000-7f1c2b686000 rwxp 00000000 00:00 0 
7f1c2b686000-7f1c2b687000 ---p 00000000 00:00 0 
7f1c2b687000-7f1c2be87000 rwxp 00000000 00:00 0 
7f1c2be87000-7f1c2be9a000 r-xp 00000000 08:03 131967                     /lib/x86_64-linux-gnu/libbsd.so.0.8.7
7f1c2be9a000-7f1c2c099000 ---p 00013000 08:03 131967                     /lib/x86_64-linux-gnu/libbsd.so.0.8.7
7f1c2c099000-7f1c2c09a000 r--p 00012000 08:03 131967                     /lib/x86_64-linux-gnu/libbsd.so.0.8.7
7f1c2c09a000-7f1c2c09b000 rw-p 00013000 08:03 131967                     /lib/x86_64-linux-gnu/libbsd.so.0.8.7
7f1c2c09b000-7f1c2c09c000 rw-p 00000000 00:00 0 
7f1c2c09c000-7f1c2c0a1000 r-xp 00000000 08:03 396407                     /usr/lib/x86_64-linux-gnu/libXdmcp.so.6.0.0
7f1c2c0a1000-7f1c2c2a0000 ---p 00005000 08:03 396407                     /usr/lib/x86_64-linux-gnu/libXdmcp.so.6.0.0
7f1c2c2a0000-7f1c2c2a1000 r--p 00004000 08:03 396407                     /usr/lib/x86_64-linux-gnu/libXdmcp.so.6.0.0
7f1c2c2a1000-7f1c2c2a2000 rw-p 00005000 08:03 396407                     /usr/lib/x86_64-linux-gnu/libXdmcp.so.6.0.0
7f1c2c2a2000-7f1c2c2a4000 r-xp 00000000 08:03 401733                     /usr/lib/x86_64-linux-gnu/libXau.so.6.0.0
7f1c2c2a4000-7f1c2c4a4000 ---p 00002000 08:03 401733                     /usr/lib/x86_64-linux-gnu/libXau.so.6.0.0
7f1c2c4a4000-7f1c2c4a5000 r--p 00002000 08:03 401733                     /usr/lib/x86_64-linux-gnu/libXau.so.6.0.0
7f1c2c4a5000-7f1c2c4a6000 rw-p 00003000 08:03 401733                     /usr/lib/x86_64-linux-gnu/libXau.so.6.0.0
7f1c2c4a6000-7f1c2dda6000 r--p 00000000 08:03 2156380                    /home/akshay/Downloads/miniconda3/lib/libicudata.so.58.2
7f1c2dda6000-7f1c2dfa5000 ---p 01900000 08:03 2156380                    /home/akshay/Downloads/miniconda3/lib/libicudata.so.58.2
7f1c2dfa5000-7f1c2dfa6000 r--p 018ff000 08:03 2156380                    /home/akshay/Downloads/miniconda3/lib/libicudata.so.58.2
7f1c2dfa6000-7f1c2dfe5000 r-xp 00000000 08:03 396748                     /usr/lib/x86_64-linux-gnu/libquadmath.so.0.0.0
7f1c2dfe5000-7f1c2e1e4000 ---p 0003f000 08:03 396748                     /usr/lib/x86_64-linux-gnu/libquadmath.so.0.0.0
7f1c2e1e4000-7f1c2e1e5000 r--p 0003e000 08:03 396748                     /usr/lib/x86_64-linux-gnu/libquadmath.so.0.0.0
7f1c2e1e5000-7f1c2e1e6000 rw-p 0003f000 08:03 396748                     /usr/lib/x86_64-linux-gnu/libquadmath.so.0.0.0
7f1c2e1e6000-7f1c2e1f7000 r-xp 00000000 08:03 2155945                    /home/akshay/Downloads/miniconda3/lib/libbz2.so.1.0.6
7f1c2e1f7000-7f1c2e3f6000 ---p 00011000 08:03 2155945                    /home/akshay/Downloads/miniconda3/lib/libbz2.so.1.0.6
7f1c2e3f6000-7f1c2e3f7000 r--p 00010000 08:03 2155945                    /home/akshay/Downloads/miniconda3/lib/libbz2.so.1.0.6
7f1c2e3f7000-7f1c2e3f8000 rw-p 00011000 08:03 2155945                    /home/akshay/Downloads/miniconda3/lib/libbz2.so.1.0.6
7f1c2e3f8000-7f1c2e450000 r-xp 00000000 08:03 2156705                    /home/akshay/Downloads/miniconda3/lib/libopus.so.0.6.1
7f1c2e450000-7f1c2e650000 ---p 00058000 08:03 2156705                    /home/akshay/Downloads/miniconda3/lib/libopus.so.0.6.1
7f1c2e650000-7f1c2e651000 r--p 00058000 08:03 2156705                    /home/akshay/Downloads/miniconda3/lib/libopus.so.0.6.1
7f1c2e651000-7f1c2e652000 rw-p 00059000 08:03 2156705                    /home/akshay/Downloads/miniconda3/lib/libopus.so.0.6.1
7f1c2e652000-7f1c2e8bd000 r-xp 00000000 08:03 2156821                    /home/akshay/Downloads/miniconda3/lib/libvpx.so.4.1.0
7f1c2e8bd000-7f1c2eabc000 ---p 0026b000 08:03 2156821                    /home/akshay/Downloads/miniconda3/lib/libvpx.so.4.1.0
7f1c2eabc000-7f1c2eabe000 r--p 0026a000 08:03 2156821                    /home/akshay/Downloads/miniconda3/lib/libvpx.so.4.1.0
7f1c2eabe000-7f1c2eabf000 rw-p 0026c000 08:03 2156821                    /home/akshay/Downloads/miniconda3/lib/libvpx.so.4.1.0
7f1c2eabf000-7f1c2eac5000 rw-p 00000000 00:00 0 
7f1c2eac5000-7f1c2eae0000 r-xp 00000000 08:03 2156786                    /home/akshay/Downloads/miniconda3/lib/libswresample.so.2.9.100
7f1c2eae0000-7f1c2ecdf000 ---p 0001b000 08:03 2156786                    /home/akshay/Downloads/miniconda3/lib/libswresample.so.2.9.100
7f1c2ecdf000-7f1c2ece1000 r--p 0001a000 08:03 2156786                    /home/akshay/Downloads/miniconda3/lib/libswresample.so.2.9.100
7f1c2ece1000-7f1c2ece2000 rw-p 0001c000 08:03 2156786                    /home/akshay/Downloads/miniconda3/lib/libswresample.so.2.9.100
7f1c2ece2000-7f1c2ed07000 r-xp 00000000 08:03 402975                     /usr/lib/x86_64-linux-gnu/libv4lconvert.so.0.0.0
7f1c2ed07000-7f1c2ef07000 ---p 00025000 08:03 402975                     /usr/lib/x86_64-linux-gnu/libv4lconvert.so.0.0.0
7f1c2ef07000-7f1c2ef09000 r--p 00025000 08:03 402975                     /usr/lib/x86_64-linux-gnu/libv4lconvert.so.0.0.0
7f1c2ef09000-7f1c2ef0a000 rw-p 00027000 08:03 402975                     /usr/lib/x86_64-linux-gnu/libv4lconvert.so.0.0.0
7f1c2ef0a000-7f1c2ef5c000 rw-p 00000000 00:00 0 
7f1c2ef5c000-7f1c2ef82000 r-xp 00000000 08:03 396410                     /usr/lib/x86_64-linux-gnu/libxcb.so.1.1.0
7f1c2ef82000-7f1c2f182000 ---p 00026000 08:03 396410                     /usr/lib/x86_64-linux-gnu/libxcb.so.1.1.0
7f1c2f182000-7f1c2f183000 r--p 00026000 08:03 396410                     /usr/lib/x86_64-linux-gnu/libxcb.so.1.1.0
7f1c2f183000-7f1c2f184000 rw-p 00027000 08:03 396410                     /usr/lib/x86_64-linux-gnu/libxcb.so.1.1.0
7f1c2f184000-7f1c2f1ae000 r-xp 00000000 08:03 2667842                    /home/akshay/Projects/Visp-WS/build/lib/libvisp_me.so.3.2.0
7f1c2f1ae000-7f1c2f3ae000 ---p 0002a000 08:03 2667842                    /home/akshay/Projects/Visp-WS/build/lib/libvisp_me.so.3.2.0
7f1c2f3ae000-7f1c2f3af000 r--p 0002a000 08:03 2667842                    /home/akshay/Projects/Visp-WS/build/lib/libvisp_me.so.3.2.0
7f1c2f3af000-7f1c2f3b0000 rw-p 0002b000 08:03 2667842                    /home/akshay/Projects/Visp-WS/build/lib/libvisp_me.so.3.2.0
7f1c2f3b0000-7f1c2f3d5000 r-xp 00000000 08:03 2156472                    /home/akshay/Downloads/miniconda3/lib/liblzma.so.5.2.3
7f1c2f3d5000-7f1c2f5d4000 ---p 00025000 08:03 2156472                    /home/akshay/Downloads/miniconda3/lib/liblzma.so.5.2.3
7f1c2f5d4000-7f1c2f5d5000 r--p 00024000 08:03 2156472                    /home/akshay/Downloads/miniconda3/lib/liblzma.so.5.2.3
7f1c2f5d5000-7f1c2f5d6000 rw-p 00025000 08:03 2156472                    /home/akshay/Downloads/miniconda3/lib/liblzma.so.5.2.3
7f1c2f5d6000-7f1c2f771000 r-xp 00000000 08:03 2156447                    /home/akshay/Downloads/miniconda3/lib/libicuuc.so.58.2
7f1c2f771000-7f1c2f970000 ---p 0019b000 08:03 2156447                    /home/akshay/Downloads/miniconda3/lib/libicuuc.so.58.2
7f1c2f970000-7f1c2f982000 r--p 0019a000 08:03 2156447                    /home/akshay/Downloads/miniconda3/lib/libicuuc.so.58.2
7f1c2f982000-7f1c2f983000 rw-p 001ac000 08:03 2156447                    /home/akshay/Downloads/miniconda3/lib/libicuuc.so.58.2
7f1c2f983000-7f1c2f984000 rw-p 00000000 00:00 0 
7f1c2f984000-7f1c2fb60000 r-xp 00000000 08:03 394214                     /usr/lib/x86_64-linux-gnu/libgfortran.so.4.0.0
7f1c2fb60000-7f1c2fd60000 ---p 001dc000 08:03 394214                     /usr/lib/x86_64-linux-gnu/libgfortran.so.4.0.0
7f1c2fd60000-7f1c2fd61000 r--p 001dc000 08:03 394214                     /usr/lib/x86_64-linux-gnu/libgfortran.so.4.0.0
7f1c2fd61000-7f1c2fd62000 rw-p 001dd000 08:03 394214                     /usr/lib/x86_64-linux-gnu/libgfortran.so.4.0.0
7f1c2fd62000-7f1c2fd63000 rw-p 00000000 00:00 0 
7f1c2fd63000-7f1c31dd8000 r-xp 00000000 08:03 434137                     /usr/lib/x86_64-linux-gnu/libopenblasp-r0.2.20.so
7f1c31dd8000-7f1c31fd7000 ---p 02075000 08:03 434137                     /usr/lib/x86_64-linux-gnu/libopenblasp-r0.2.20.so
7f1c31fd7000-7f1c31fdd000 r--p 02074000 08:03 434137                     /usr/lib/x86_64-linux-gnu/libopenblasp-r0.2.20.so
7f1c31fdd000-7f1c31ff0000 rw-p 0207a000 08:03 434137                     /usr/lib/x86_64-linux-gnu/libopenblasp-r0.2.20.so
7f1c31ff0000-7f1c32009000 rw-p 00000000 00:00 0 
7f1c32009000-7f1c32088000 r-xp 00000000 08:03 2156789                    /home/akshay/Downloads/miniconda3/lib/libswscale.so.4.8.100
7f1c32088000-7f1c32288000 ---p 0007f000 08:03 2156789                    /home/akshay/Downloads/miniconda3/lib/libswscale.so.4.8.100
7f1c32288000-7f1c32289000 r--p 0007f000 08:03 2156789                    /home/akshay/Downloads/miniconda3/lib/libswscale.so.4.8.100
7f1c32289000-7f1c3228a000 rw-p 00080000 08:03 2156789                    /home/akshay/Downloads/miniconda3/lib/libswscale.so.4.8.100
7f1c3228a000-7f1c32292000 rw-p 00000000 00:00 0 
7f1c32292000-7f1c322ee000 r-xp 00000000 08:03 2155938                    /home/akshay/Downloads/miniconda3/lib/libavutil.so.55.78.100
7f1c322ee000-7f1c324ee000 ---p 0005c000 08:03 2155938                    /home/akshay/Downloads/miniconda3/lib/libavutil.so.55.78.100
7f1c324ee000-7f1c324ff000 r--p 0005c000 08:03 2155938                    /home/akshay/Downloads/miniconda3/lib/libavutil.so.55.78.100
7f1c324ff000-7f1c32500000 rw-p 0006d000 08:03 2155938                    /home/akshay/Downloads/miniconda3/lib/libavutil.so.55.78.100
7f1c32500000-7f1c32513000 rw-p 00000000 00:00 0 
7f1c32513000-7f1c32723000 r-xp 00000000 08:03 2155935                    /home/akshay/Downloads/miniconda3/lib/libavformat.so.57.83.100
7f1c32723000-7f1c32923000 ---p 00210000 08:03 2155935                    /home/akshay/Downloads/miniconda3/lib/libavformat.so.57.83.100
7f1c32923000-7f1c3293b000 r--p 00210000 08:03 2155935                    /home/akshay/Downloads/miniconda3/lib/libavformat.so.57.83.100
7f1c3293b000-7f1c32952000 rw-p 00228000 08:03 2155935                    /home/akshay/Downloads/miniconda3/lib/libavformat.so.57.83.100
7f1c32952000-7f1c33564000 r-xp 00000000 08:03 2155918                    /home/akshay/Downloads/miniconda3/lib/libavcodec.so.57.107.100
7f1c33564000-7f1c33763000 ---p 00c12000 08:03 2155918                    /home/akshay/Downloads/miniconda3/lib/libavcodec.so.57.107.100
7f1c33763000-7f1c33798000 r--p 00c11000 08:03 2155918                    /home/akshay/Downloads/miniconda3/lib/libavcodec.so.57.107.100
7f1c33798000-7f1c337c1000 rw-p 00c46000 08:03 2155918                    /home/akshay/Downloads/miniconda3/lib/libavcodec.so.57.107.100
7f1c337c1000-7f1c33fd3000 rw-p 00000000 00:00 0 
7f1c33fd3000-7f1c34039000 r-xp 00000000 08:03 2156457                    /home/akshay/Downloads/miniconda3/lib/libjasper.so.1.0.0
7f1c34039000-7f1c34239000 ---p 00066000 08:03 2156457                    /home/akshay/Downloads/miniconda3/lib/libjasper.so.1.0.0
7f1c34239000-7f1c3423a000 r--p 00066000 08:03 2156457                    /home/akshay/Downloads/miniconda3/lib/libjasper.so.1.0.0
7f1c3423a000-7f1c3423e000 rw-p 00067000 08:03 2156457                    /home/akshay/Downloads/miniconda3/lib/libjasper.so.1.0.0
7f1c3423e000-7f1c34245000 rw-p 00000000 00:00 0 
7f1c34245000-7f1c342bf000 r-xp 00000000 08:03 2156796                    /home/akshay/Downloads/miniconda3/lib/libtiff.so.5.3.0
7f1c342bf000-7f1c344be000 ---p 0007a000 08:03 2156796                    /home/akshay/Downloads/miniconda3/lib/libtiff.so.5.3.0
7f1c344be000-7f1c344c2000 r--p 00079000 08:03 2156796                    /home/akshay/Downloads/miniconda3/lib/libtiff.so.5.3.0
7f1c344c2000-7f1c344c3000 rw-p 0007d000 08:03 2156796                    /home/akshay/Downloads/miniconda3/lib/libtiff.so.5.3.0
7f1c344c3000-7f1c344fe000 r-xp 00000000 08:03 2156464                    /home/akshay/Downloads/miniconda3/lib/libjpeg.so.9.2.0
7f1c344fe000-7f1c346fd000 ---p 0003b000 08:03 2156464                    /home/akshay/Downloads/miniconda3/lib/libjpeg.so.9.2.0
7f1c346fd000-7f1c346fe000 r--p 0003a000 08:03 2156464                    /home/akshay/Downloads/miniconda3/lib/libjpeg.so.9.2.0
7f1c346fe000-7f1c346ff000 rw-p 0003b000 08:03 2156464                    /home/akshay/Downloads/miniconda3/lib/libjpeg.so.9.2.0
7f1c346ff000-7f1c34708000 r-xp 00000000 08:03 433927                     /usr/lib/x86_64-linux-gnu/libv4l2.so.0.0.0
7f1c34708000-7f1c34908000 ---p 00009000 08:03 433927                     /usr/lib/x86_64-linux-gnu/libv4l2.so.0.0.0
7f1c34908000-7f1c34909000 r--p 00009000 08:03 433927                     /usr/lib/x86_64-linux-gnu/libv4l2.so.0.0.0
7f1c34909000-7f1c3490e000 rw-p 0000a000 08:03 433927                     /usr/lib/x86_64-linux-gnu/libv4l2.so.0.0.0
7f1c3490e000-7f1c34a42000 r-xp 00000000 08:03 396412                     /usr/lib/x86_64-linux-gnu/libX11.so.6.3.0
7f1c34a42000-7f1c34c42000 ---p 00134000 08:03 396412                     /usr/lib/x86_64-linux-gnu/libX11.so.6.3.0
7f1c34c42000-7f1c34c43000 r--p 00134000 08:03 396412                     /usr/lib/x86_64-linux-gnu/libX11.so.6.3.0
7f1c34c43000-7f1c34c47000 rw-p 00135000 08:03 396412                     /usr/lib/x86_64-linux-gnu/libX11.so.6.3.0
7f1c34c47000-7f1c34efa000 r-xp 00000000 08:03 2156691                    /home/akshay/Downloads/miniconda3/lib/libopencv_xfeatures2d.so.3.3.1
7f1c34efa000-7f1c350f9000 ---p 002b3000 08:03 2156691                    /home/akshay/Downloads/miniconda3/lib/libopencv_xfeatures2d.so.3.3.1
7f1c350f9000-7f1c350fe000 r--p 002b2000 08:03 2156691                    /home/akshay/Downloads/miniconda3/lib/libopencv_xfeatures2d.so.3.3.1
7f1c350fe000-7f1c350ff000 rw-p 002b7000 08:03 2156691                    /home/akshay/Downloads/miniconda3/lib/libopencv_xfeatures2d.so.3.3.1
7f1c350ff000-7f1c3515c000 r-xp 00000000 08:03 2156593                    /home/akshay/Downloads/miniconda3/lib/libopencv_flann.so.3.3.1
7f1c3515c000-7f1c3535b000 ---p 0005d000 08:03 2156593                    /home/akshay/Downloads/miniconda3/lib/libopencv_flann.so.3.3.1
7f1c3535b000-7f1c3535e000 r--p 0005c000 08:03 2156593                    /home/akshay/Downloads/miniconda3/lib/libopencv_flann.so.3.3.1
7f1c3535e000-7f1c3535f000 rw-p 0005f000 08:03 2156593                    /home/akshay/Downloads/miniconda3/lib/libopencv_flann.so.3.3.1
7f1c3535f000-7f1c378b0000 r-xp 00000000 08:03 2234965                    /home/akshay/Downloads/miniconda3/lib/libopencv_imgproc.so.3.3.1
7f1c378b0000-7f1c37aaf000 ---p 02551000 08:03 2234965                    /home/akshay/Downloads/miniconda3/lib/libopencv_imgproc.so.3.3.1
7f1c37aaf000-7f1c37ad2000 r--p 02550000 08:03 2234965                    /home/akshay/Downloads/miniconda3/lib/libopencv_imgproc.so.3.3.1
7f1c37ad2000-7f1c37ae7000 rw-p 02573000 08:03 2234965                    /home/akshay/Downloads/miniconda3/lib/libopencv_imgproc.so.3.3.1
7f1c37ae7000-7f1c38000000 rw-p 00000000 00:00 0 
7f1c38000000-7f1c38021000 rw-p 00000000 00:00 0 
7f1c38021000-7f1c3c000000 ---p 00000000 00:00 0 
7f1c3c0eb000-7f1c3c1b3000 r-xp 00000000 08:03 2156587                    /home/akshay/Downloads/miniconda3/lib/libopencv_features2d.so.3.3.1
7f1c3c1b3000-7f1c3c3b2000 ---p 000c8000 08:03 2156587                    /home/akshay/Downloads/miniconda3/lib/libopencv_features2d.so.3.3.1
7f1c3c3b2000-7f1c3c3b8000 r--p 000c7000 08:03 2156587                    /home/akshay/Downloads/miniconda3/lib/libopencv_features2d.so.3.3.1
7f1c3c3b8000-7f1c3c3ba000 rw-p 000cd000 08:03 2156587                    /home/akshay/Downloads/miniconda3/lib/libopencv_features2d.so.3.3.1
7f1c3c3ba000-7f1c3c543000 r-xp 00000000 08:03 2156566                    /home/akshay/Downloads/miniconda3/lib/libopencv_calib3d.so.3.3.1
7f1c3c543000-7f1c3c742000 ---p 00189000 08:03 2156566                    /home/akshay/Downloads/miniconda3/lib/libopencv_calib3d.so.3.3.1
7f1c3c742000-7f1c3c745000 r--p 00188000 08:03 2156566                    /home/akshay/Downloads/miniconda3/lib/libopencv_calib3d.so.3.3.1
7f1c3c745000-7f1c3c746000 rw-p 0018b000 08:03 2156566                    /home/akshay/Downloads/miniconda3/lib/libopencv_calib3d.so.3.3.1
7f1c3c746000-7f1c3c7a3000 r-xp 00000000 08:03 2667955                    /home/akshay/Projects/Visp-WS/build/lib/libvisp_visual_features.so.3.2.0
7f1c3c7a3000-7f1c3c9a2000 ---p 0005d000 08:03 2667955                    /home/akshay/Projects/Visp-WS/build/lib/libvisp_visual_features.so.3.2.0
7f1c3c9a2000-7f1c3c9a4000 r--p 0005c000 08:03 2667955                    /home/akshay/Projects/Visp-WS/build/lib/libvisp_visual_features.so.3.2.0
7f1c3c9a4000-7f1c3c9a5000 rw-p 0005e000 08:03 2667955                    /home/akshay/Projects/Visp-WS/build/lib/libvisp_visual_features.so.3.2.0
7f1c3c9a5000-7f1c3c9c7000 r-xp 00000000 08:03 2156084                    /home/akshay/Downloads/miniconda3/lib/libgomp.so.1.0.0
7f1c3c9c7000-7f1c3cbc6000 ---p 00022000 08:03 2156084                    /home/akshay/Downloads/miniconda3/lib/libgomp.so.1.0.0
7f1c3cbc6000-7f1c3cbc7000 r--p 00021000 08:03 2156084                    /home/akshay/Downloads/miniconda3/lib/libgomp.so.1.0.0
7f1c3cbc7000-7f1c3cbc8000 rw-p 00022000 08:03 2156084                    /home/akshay/Downloads/miniconda3/lib/libgomp.so.1.0.0
7f1c3cbc8000-7f1c3cd24000 r-xp 00000000 08:03 2156953                    /home/akshay/Downloads/miniconda3/lib/libxml2.so.2.9.8
7f1c3cd24000-7f1c3cf23000 ---p 0015c000 08:03 2156953                    /home/akshay/Downloads/miniconda3/lib/libxml2.so.2.9.8
7f1c3cf23000-7f1c3cf2c000 r--p 0015b000 08:03 2156953                    /home/akshay/Downloads/miniconda3/lib/libxml2.so.2.9.8
7f1c3cf2c000-7f1c3cf2d000 rw-p 00164000 08:03 2156953                    /home/akshay/Downloads/miniconda3/lib/libxml2.so.2.9.8
7f1c3cf2d000-7f1c3cf2f000 rw-p 00000000 00:00 0 
7f1c3cf2f000-7f1c3cf85000 r-xp 00000000 08:03 434138                     /usr/lib/x86_64-linux-gnu/openblas/libblas.so.3
7f1c3cf85000-7f1c3d184000 ---p 00056000 08:03 434138                     /usr/lib/x86_64-linux-gnu/openblas/libblas.so.3
7f1c3d184000-7f1c3d189000 r--p 00055000 08:03 434138                     /usr/lib/x86_64-linux-gnu/openblas/libblas.so.3
7f1c3d189000-7f1c3d18a000 rw-p 0005a000 08:03 434138                     /usr/lib/x86_64-linux-gnu/openblas/libblas.so.3
7f1c3d18a000-7f1c3d80e000 r-xp 00000000 08:03 434139                     /usr/lib/x86_64-linux-gnu/openblas/liblapack.so.3
7f1c3d80e000-7f1c3da0d000 ---p 00684000 08:03 434139                     /usr/lib/x86_64-linux-gnu/openblas/liblapack.so.3
7f1c3da0d000-7f1c3da0e000 r--p 00683000 08:03 434139                     /usr/lib/x86_64-linux-gnu/openblas/liblapack.so.3
7f1c3da0e000-7f1c3da10000 rw-p 00684000 08:03 434139                     /usr/lib/x86_64-linux-gnu/openblas/liblapack.so.3
7f1c3da10000-7f1c3da3d000 r-xp 00000000 08:03 2156684                    /home/akshay/Downloads/miniconda3/lib/libopencv_videoio.so.3.3.1
7f1c3da3d000-7f1c3dc3d000 ---p 0002d000 08:03 2156684                    /home/akshay/Downloads/miniconda3/lib/libopencv_videoio.so.3.3.1
7f1c3dc3d000-7f1c3dc3f000 r--p 0002d000 08:03 2156684                    /home/akshay/Downloads/miniconda3/lib/libopencv_videoio.so.3.3.1
7f1c3dc3f000-7f1c3dc40000 rw-p 0002f000 08:03 2156684                    /home/akshay/Downloads/miniconda3/lib/libopencv_videoio.so.3.3.1
7f1c3dc40000-7f1c3dc42000 rw-p 00000000 00:00 0 
7f1c3dc42000-7f1c3e130000 r-xp 00000000 08:03 2156611                    /home/akshay/Downloads/miniconda3/lib/libopencv_imgcodecs.so.3.3.1
7f1c3e130000-7f1c3e330000 ---p 004ee000 08:03 2156611                    /home/akshay/Downloads/miniconda3/lib/libopencv_imgcodecs.so.3.3.1
7f1c3e330000-7f1c3e33c000 r--p 004ee000 08:03 2156611                    /home/akshay/Downloads/miniconda3/lib/libopencv_imgcodecs.so.3.3.1
7f1c3e33c000-7f1c3e344000 rw-p 004fa000 08:03 2156611                    /home/akshay/Downloads/miniconda3/lib/libopencv_imgcodecs.so.3.3.1
7f1c3e344000-7f1c3e347000 rw-p 00000000 00:00 0 
7f1c3e347000-7f1c3e37d000 r-xp 00000000 08:03 2156744                    /home/akshay/Downloads/miniconda3/lib/libpng16.so.16.34.0
7f1c3e37d000-7f1c3e57c000 ---p 00036000 08:03 2156744                    /home/akshay/Downloads/miniconda3/lib/libpng16.so.16.34.0
7f1c3e57c000-7f1c3e57d000 r--p 00035000 08:03 2156744                    /home/akshay/Downloads/miniconda3/lib/libpng16.so.16.34.0
7f1c3e57d000-7f1c3e57e000 rw-p 00036000 08:03 2156744                    /home/akshay/Downloads/miniconda3/lib/libpng16.so.16.34.0
7f1c3e57e000-7f1c3e5e5000 r-xp 00000000 08:03 400152                     /usr/lib/x86_64-linux-gnu/libjpeg.so.8.1.2
7f1c3e5e5000-7f1c3e7e4000 ---p 00067000 08:03 400152                     /usr/lib/x86_64-linux-gnu/libjpeg.so.8.1.2
7f1c3e7e4000-7f1c3e7e5000 r--p 00066000 08:03 400152                     /usr/lib/x86_64-linux-gnu/libjpeg.so.8.1.2
7f1c3e7e5000-7f1c3e7e6000 rw-p 00067000 08:03 400152                     /usr/lib/x86_64-linux-gnu/libjpeg.so.8.1.2
7f1c3e7e6000-7f1c3e7fd000 r-xp 00000000 08:03 2156697                    /home/akshay/Downloads/miniconda3/lib/libopencv_xobjdetect.so.3.3.1
7f1c3e7fd000-7f1c3e9fc000 ---p 00017000 08:03 2156697                    /home/akshay/Downloads/miniconda3/lib/libopencv_xobjdetect.so.3.3.1
7f1c3e9fc000-7f1c3e9fd000 r--p 00016000 08:03 2156697                    /home/akshay/Downloads/miniconda3/lib/libopencv_xobjdetect.so.3.3.1
7f1c3e9fd000-7f1c3e9fe000 rw-p 00017000 08:03 2156697                    /home/akshay/Downloads/miniconda3/lib/libopencv_xobjdetect.so.3.3.1
7f1c3e9fe000-7f1c3ed5e000 r-xp 00000000 08:03 2156623                    /home/akshay/Downloads/miniconda3/lib/libopencv_objdetect.so.3.3.1
7f1c3ed5e000-7f1c3ef5e000 ---p 00360000 08:03 2156623                    /home/akshay/Downloads/miniconda3/lib/libopencv_objdetect.so.3.3.1
7f1c3ef5e000-7f1c3ef63000 r--p 00360000 08:03 2156623                    /home/akshay/Downloads/miniconda3/lib/libopencv_objdetect.so.3.3.1
7f1c3ef63000-7f1c3ef6b000 rw-p 00365000 08:03 2156623                    /home/akshay/Downloads/miniconda3/lib/libopencv_objdetect.so.3.3.1
7f1c3ef6b000-7f1c3ef6c000 rw-p 00000000 00:00 0 
7f1c3ef6c000-7f1c3fbb6000 r-xp 00000000 08:03 2156572                    /home/akshay/Downloads/miniconda3/lib/libopencv_core.so.3.3.1
7f1c3fbb6000-7f1c3fdb5000 ---p 00c4a000 08:03 2156572                    /home/akshay/Downloads/miniconda3/lib/libopencv_core.so.3.3.1
7f1c3fdb5000-7f1c3fdc9000 r--p 00c49000 08:03 2156572                    /home/akshay/Downloads/miniconda3/lib/libopencv_core.so.3.3.1
7f1c3fdc9000-7f1c3fde6000 rw-p 00c5d000 08:03 2156572                    /home/akshay/Downloads/miniconda3/lib/libopencv_core.so.3.3.1
7f1c3fde6000-7f1c3fdec000 rw-p 00000000 00:00 0 
7f1c3fdec000-7f1c3fdff000 r-xp 00000000 08:03 428818                     /usr/lib/x86_64-linux-gnu/libdmtx.so.0.0.0
7f1c3fdff000-7f1c3fffe000 ---p 00013000 08:03 428818                     /usr/lib/x86_64-linux-gnu/libdmtx.so.0.0.0
7f1c3fffe000-7f1c3ffff000 r--p 00012000 08:03 428818                     /usr/lib/x86_64-linux-gnu/libdmtx.so.0.0.0
7f1c3ffff000-7f1c40000000 rw-p 00013000 08:03 428818                     /usr/lib/x86_64-linux-gnu/libdmtx.so.0.0.0
7f1c40000000-7f1c40021000 rw-p 00000000 00:00 0 
7f1c40021000-7f1c44000000 ---p 00000000 00:00 0 
7f1c44000000-7f1c44021000 rw-p 00000000 00:00 0 
7f1c44021000-7f1c48000000 ---p 00000000 00:00 0 
7f1c48000000-7f1c4807e000 rw-p 00000000 00:00 0 
7f1c4807e000-7f1c4c000000 ---p 00000000 00:00 0 
7f1c4c000000-7f1c4c021000 rw-p 00000000 00:00 0 
7f1c4c021000-7f1c50000000 ---p 00000000 00:00 0 
7f1c50000000-7f1c50076000 rw-p 00000000 00:00 0 
7f1c50076000-7f1c54000000 ---p 00000000 00:00 0 
7f1c54000000-7f1c5404b000 rw-p 00000000 00:00 0 
7f1c5404b000-7f1c58000000 ---p 00000000 00:00 0 
7f1c58000000-7f1c58021000 rw-p 00000000 00:00 0 
7f1c58021000-7f1c5c000000 ---p 00000000 00:00 0 
7f1c5c000000-7f1c5c021000 rw-p 00000000 00:00 0 
7f1c5c021000-7f1c60000000 ---p 00000000 00:00 0 
7f1c60000000-7f1c60021000 rw-p 00000000 00:00 0 
7f1c60021000-7f1c64000000 ---p 00000000 00:00 0 
7f1c64000000-7f1c64021000 rw-p 00000000 00:00 0 
7f1c64021000-7f1c68000000 ---p 00000000 00:00 0 
7f1c68000000-7f1c68021000 rw-p 00000000 00:00 0 
7f1c68021000-7f1c6c000000 ---p 00000000 00:00 0 
7f1c6c000000-7f1c6c021000 rw-p 00000000 00:00 0 
7f1c6c021000-7f1c70000000 ---p 00000000 00:00 0 
7f1c70000000-7f1c70021000 rw-p 00000000 00:00 0 
7f1c70021000-7f1c74000000 ---p 00000000 00:00 0 
7f1c74000000-7f1c74021000 rw-p 00000000 00:00 0 
7f1c74021000-7f1c78000000 ---p 00000000 00:00 0 
7f1c78000000-7f1c78021000 rw-p 00000000 00:00 0 
7f1c78021000-7f1c7c000000 ---p 00000000 00:00 0 
7f1c7c000000-7f1c7c021000 rw-p 00000000 00:00 0 
7f1c7c021000-7f1c80000000 ---p 00000000 00:00 0 
7f1c8013b000-7f1c80174000 r-xp 00000000 08:03 395459                     /usr/lib/x86_64-linux-gnu/libzbar.so.0.2.0
7f1c80174000-7f1c80374000 ---p 00039000 08:03 395459                     /usr/lib/x86_64-linux-gnu/libzbar.so.0.2.0
7f1c80374000-7f1c80375000 r--p 00039000 08:03 395459                     /usr/lib/x86_64-linux-gnu/libzbar.so.0.2.0
7f1c80375000-7f1c80376000 rw-p 0003a000 08:03 395459                     /usr/lib/x86_64-linux-gnu/libzbar.so.0.2.0
7f1c80376000-7f1c80455000 r-xp 00000000 08:03 2668118                    /home/akshay/Projects/Visp-WS/build/lib/libvisp_vision.so.3.2.0
7f1c80455000-7f1c80655000 ---p 000df000 08:03 2668118                    /home/akshay/Projects/Visp-WS/build/lib/libvisp_vision.so.3.2.0
7f1c80655000-7f1c80656000 r--p 000df000 08:03 2668118                    /home/akshay/Projects/Visp-WS/build/lib/libvisp_vision.so.3.2.0
7f1c80656000-7f1c80658000 rw-p 000e0000 08:03 2668118                    /home/akshay/Projects/Visp-WS/build/lib/libvisp_vision.so.3.2.0
7f1c80658000-7f1c807b2000 r-xp 00000000 08:03 2667730                    /home/akshay/Projects/Visp-WS/build/lib/libvisp_core.so.3.2.0
7f1c807b2000-7f1c809b2000 ---p 0015a000 08:03 2667730                    /home/akshay/Projects/Visp-WS/build/lib/libvisp_core.so.3.2.0
7f1c809b2000-7f1c809b4000 r--p 0015a000 08:03 2667730                    /home/akshay/Projects/Visp-WS/build/lib/libvisp_core.so.3.2.0
7f1c809b4000-7f1c809b6000 rw-p 0015c000 08:03 2667730                    /home/akshay/Projects/Visp-WS/build/lib/libvisp_core.so.3.2.0
7f1c809b6000-7f1c80a38000 rw-p 00000000 00:00 0 
7f1c80a38000-7f1c80a56000 r-xp 00000000 08:03 2667831                    /home/akshay/Projects/Visp-WS/build/lib/libvisp_io.so.3.2.0
7f1c80a56000-7f1c80c55000 ---p 0001e000 08:03 2667831                    /home/akshay/Projects/Visp-WS/build/lib/libvisp_io.so.3.2.0
7f1c80c55000-7f1c80c56000 r--p 0001d000 08:03 2667831                    /home/akshay/Projects/Visp-WS/build/lib/libvisp_io.so.3.2.0
7f1c80c56000-7f1c80c57000 rw-p 0001e000 08:03 2667831                    /home/akshay/Projects/Visp-WS/build/lib/libvisp_io.so.3.2.0
7f1c80c57000-7f1c80c9b000 r-xp 00000000 08:03 2668210                    /home/akshay/Projects/Visp-WS/build/lib/libvisp_detection.so.3.2.0
7f1c80c9b000-7f1c80e9b000 ---p 00044000 08:03 2668210                    /home/akshay/Projects/Visp-WS/build/lib/libvisp_detection.so.3.2.0
7f1c80e9b000-7f1c80e9c000 r--p 00044000 08:03 2668210                    /home/akshay/Projects/Visp-WS/build/lib/libvisp_detection.so.3.2.0
7f1c80e9c000-7f1c80e9d000 rw-p 00045000 08:03 2668210                    /home/akshay/Projects/Visp-WS/build/lib/libvisp_detection.so.3.2.0
7f1c80e9d000-7f1c80eba000 r-xp 00000000 08:03 2667840                    /home/akshay/Projects/Visp-WS/build/lib/libvisp_imgproc.so.3.2.0
7f1c80eba000-7f1c810b9000 ---p 0001d000 08:03 2667840                    /home/akshay/Projects/Visp-WS/build/lib/libvisp_imgproc.so.3.2.0
7f1c810b9000-7f1c810ba000 r--p 0001c000 08:03 2667840                    /home/akshay/Projects/Visp-WS/build/lib/libvisp_imgproc.so.3.2.0
7f1c810ba000-7f1c810bb000 rw-p 0001d000 08:03 2667840                    /home/akshay/Projects/Visp-WS/build/lib/libvisp_imgproc.so.3.2.0
7f1c810bb000-7f1c810f0000 r-xp 00000000 08:03 2668228                    /home/akshay/Projects/Visp-WS/build/lib/libvisp_java320.so
7f1c810f0000-7f1c812ef000 ---p 00035000 08:03 2668228                    /home/akshay/Projects/Visp-WS/build/lib/libvisp_java320.so
7f1c812ef000-7f1c812f0000 r--p 00034000 08:03 2668228                    /home/akshay/Projects/Visp-WS/build/lib/libvisp_java320.so
7f1c812f0000-7f1c812f1000 rw-p 00035000 08:03 2668228                    /home/akshay/Projects/Visp-WS/build/lib/libvisp_java320.so
7f1c812f1000-7f1c81307000 r-xp 00000000 08:03 2515875                    /usr/lib/jvm/java-11-openjdk-amd64/lib/libnet.so
7f1c81307000-7f1c81507000 ---p 00016000 08:03 2515875                    /usr/lib/jvm/java-11-openjdk-amd64/lib/libnet.so
7f1c81507000-7f1c81508000 r--p 00016000 08:03 2515875                    /usr/lib/jvm/java-11-openjdk-amd64/lib/libnet.so
7f1c81508000-7f1c81509000 rw-p 00017000 08:03 2515875                    /usr/lib/jvm/java-11-openjdk-amd64/lib/libnet.so
7f1c81509000-7f1c8151a000 r-xp 00000000 08:03 2515876                    /usr/lib/jvm/java-11-openjdk-amd64/lib/libnio.so
7f1c8151a000-7f1c81719000 ---p 00011000 08:03 2515876                    /usr/lib/jvm/java-11-openjdk-amd64/lib/libnio.so
7f1c81719000-7f1c8171a000 r--p 00010000 08:03 2515876                    /usr/lib/jvm/java-11-openjdk-amd64/lib/libnio.so
7f1c8171a000-7f1c8171b000 rw-p 00011000 08:03 2515876                    /usr/lib/jvm/java-11-openjdk-amd64/lib/libnio.so
7f1c8171b000-7f1c8181c000 rwxp 00000000 00:00 0 
7f1c8181c000-7f1c8181d000 ---p 00000000 00:00 0 
7f1c8181d000-7f1c81d22000 rwxp 00000000 00:00 0 
7f1c81d22000-7f1c82000000 r--p 00000000 08:03 403373                     /usr/lib/locale/locale-archive
7f1c82000000-7f1c84000000 rw-p 00000000 00:00 0 
7f1c84000000-7f1c84021000 rw-p 00000000 00:00 0 
7f1c84021000-7f1c88000000 ---p 00000000 00:00 0 
7f1c88000000-7f1c88021000 rw-p 00000000 00:00 0 
7f1c88021000-7f1c8c000000 ---p 00000000 00:00 0 
7f1c8c062000-7f1c8c466000 rwxp 00000000 00:00 0 
7f1c8c466000-7f1c8c467000 ---p 00000000 00:00 0 
7f1c8c467000-7f1c8c568000 rwxp 00000000 00:00 0 
7f1c8c568000-7f1c8c9a8000 rw-p 00000000 00:00 0 
7f1c8c9a8000-7f1c8cd68000 ---p 00000000 00:00 0 
7f1c8cd68000-7f1c8cd69000 ---p 00000000 00:00 0 
7f1c8cd69000-7f1c8ce6a000 rwxp 00000000 00:00 0 
7f1c8ce6a000-7f1c8ce6b000 ---p 00000000 00:00 0 
7f1c8ce6b000-7f1c8cf6c000 rwxp 00000000 00:00 0 
7f1c8cf6c000-7f1c8cf6d000 ---p 00000000 00:00 0 
7f1c8cf6d000-7f1c8d06e000 rwxp 00000000 00:00 0 
7f1c8d06e000-7f1c8d06f000 ---p 00000000 00:00 0 
7f1c8d06f000-7f1c8d170000 rwxp 00000000 00:00 0 
7f1c8d170000-7f1c8d460000 rw-p 00000000 00:00 0 
7f1c8d460000-7f1c90000000 ---p 00000000 00:00 0 
7f1c90000000-7f1c90021000 rw-p 00000000 00:00 0 
7f1c90021000-7f1c94000000 ---p 00000000 00:00 0 
7f1c94000000-7f1c94021000 rw-p 00000000 00:00 0 
7f1c94021000-7f1c98000000 ---p 00000000 00:00 0 
7f1c98000000-7f1c98021000 rw-p 00000000 00:00 0 
7f1c98021000-7f1c9c000000 ---p 00000000 00:00 0 
7f1c9c047000-7f1c9c0bd000 rw-p 00000000 00:00 0 
7f1c9c0bd000-7f1c9c0be000 ---p 00000000 00:00 0 
7f1c9c0be000-7f1c9c1bf000 rwxp 00000000 00:00 0 
7f1c9c1bf000-7f1c9c5c3000 rw-p 00000000 00:00 0 
7f1c9c5c3000-7f1c9c5c4000 ---p 00000000 00:00 0 
7f1c9c5c4000-7f1c9c6c5000 rwxp 00000000 00:00 0 
7f1c9c6c5000-7f1c9c9b5000 rw-p 00000000 00:00 0 
7f1c9c9b5000-7f1c9f555000 ---p 00000000 00:00 0 
7f1c9f555000-7f1c9f5b3000 rw-p 00000000 00:00 0 
7f1c9f5b3000-7f1c9fb27000 ---p 00000000 00:00 0 
7f1c9fb27000-7f1c9fd97000 rwxp 00000000 00:00 0 
7f1c9fd97000-7f1ca00b7000 ---p 00000000 00:00 0 
7f1ca00b7000-7f1ca0327000 rwxp 00000000 00:00 0 
7f1ca0327000-7f1ca75ef000 ---p 00000000 00:00 0 
7f1ca75ef000-7f1ca785f000 rwxp 00000000 00:00 0 
7f1ca785f000-7f1caeb27000 ---p 00000000 00:00 0 
7f1caeb27000-7f1cb8000000 r--s 00000000 08:03 2515885                    /usr/lib/jvm/java-11-openjdk-amd64/lib/modules
7f1cb8000000-7f1cb829e000 rw-p 00000000 00:00 0 
7f1cb829e000-7f1cbc000000 ---p 00000000 00:00 0 
7f1cbc013000-7f1cbc06e000 rw-p 00000000 00:00 0 
7f1cbc06e000-7f1cbc06f000 ---p 00000000 00:00 0 
7f1cbc06f000-7f1cbc170000 rwxp 00000000 00:00 0 
7f1cbc170000-7f1cbc289000 rw-p 00000000 00:00 0 
7f1cbc289000-7f1cbc7fd000 ---p 00000000 00:00 0 
7f1cbc7fd000-7f1cbc85b000 rw-p 00000000 00:00 0 
7f1cbc85b000-7f1cbcdcf000 ---p 00000000 00:00 0 
7f1cbcdcf000-7f1cbd1d3000 rw-p 00000000 00:00 0 
7f1cbd1d3000-7f1cbd1d4000 ---p 00000000 00:00 0 
7f1cbd1d4000-7f1cbd2d5000 rwxp 00000000 00:00 0 
7f1cbd2d5000-7f1cbd2d6000 ---p 00000000 00:00 0 
7f1cbd2d6000-7f1cbd3d7000 rwxp 00000000 00:00 0 
7f1cbd3d7000-7f1cbd3d8000 ---p 00000000 00:00 0 
7f1cbd3d8000-7f1cbd4d9000 rwxp 00000000 00:00 0 
7f1cbd4d9000-7f1cbd4da000 ---p 00000000 00:00 0 
7f1cbd4da000-7f1cbd5db000 rwxp 00000000 00:00 0 
7f1cbd5db000-7f1cbd5e0000 rw-p 00000000 00:00 0 
7f1cbd5e0000-7f1cbd6c6000 ---p 00000000 00:00 0 
7f1cbd6c6000-7f1cbd6cb000 rw-p 00000000 00:00 0 
7f1cbd6cb000-7f1cbd7b1000 ---p 00000000 00:00 0 
7f1cbd7b1000-7f1cbd7b6000 r-xp 00000000 08:03 2514940                    /usr/lib/jvm/java-11-openjdk-amd64/lib/libjimage.so
7f1cbd7b6000-7f1cbd9b5000 ---p 00005000 08:03 2514940                    /usr/lib/jvm/java-11-openjdk-amd64/lib/libjimage.so
7f1cbd9b5000-7f1cbd9b6000 r--p 00004000 08:03 2514940                    /usr/lib/jvm/java-11-openjdk-amd64/lib/libjimage.so
7f1cbd9b6000-7f1cbd9b7000 rw-p 00005000 08:03 2514940                    /usr/lib/jvm/java-11-openjdk-amd64/lib/libjimage.so
7f1cbd9b7000-7f1cbd9be000 r-xp 00000000 08:03 2515884                    /usr/lib/jvm/java-11-openjdk-amd64/lib/libzip.so
7f1cbd9be000-7f1cbdbbd000 ---p 00007000 08:03 2515884                    /usr/lib/jvm/java-11-openjdk-amd64/lib/libzip.so
7f1cbdbbd000-7f1cbdbbe000 r--p 00006000 08:03 2515884                    /usr/lib/jvm/java-11-openjdk-amd64/lib/libzip.so
7f1cbdbbe000-7f1cbdbbf000 rw-p 00007000 08:03 2515884                    /usr/lib/jvm/java-11-openjdk-amd64/lib/libzip.so
7f1cbdbbf000-7f1cbdbca000 r-xp 00000000 08:03 131537                     /lib/x86_64-linux-gnu/libnss_files-2.27.so
7f1cbdbca000-7f1cbddc9000 ---p 0000b000 08:03 131537                     /lib/x86_64-linux-gnu/libnss_files-2.27.so
7f1cbddc9000-7f1cbddca000 r--p 0000a000 08:03 131537                     /lib/x86_64-linux-gnu/libnss_files-2.27.so
7f1cbddca000-7f1cbddcb000 rw-p 0000b000 08:03 131537                     /lib/x86_64-linux-gnu/libnss_files-2.27.so
7f1cbddcb000-7f1cbddd1000 rw-p 00000000 00:00 0 
7f1cbddd1000-7f1cbdde8000 r-xp 00000000 08:03 131534                     /lib/x86_64-linux-gnu/libnsl-2.27.so
7f1cbdde8000-7f1cbdfe7000 ---p 00017000 08:03 131534                     /lib/x86_64-linux-gnu/libnsl-2.27.so
7f1cbdfe7000-7f1cbdfe8000 r--p 00016000 08:03 131534                     /lib/x86_64-linux-gnu/libnsl-2.27.so
7f1cbdfe8000-7f1cbdfe9000 rw-p 00017000 08:03 131534                     /lib/x86_64-linux-gnu/libnsl-2.27.so
7f1cbdfe9000-7f1cbdfeb000 rw-p 00000000 00:00 0 
7f1cbdfeb000-7f1cbdff6000 r-xp 00000000 08:03 131545                     /lib/x86_64-linux-gnu/libnss_nis-2.27.so
7f1cbdff6000-7f1cbe1f5000 ---p 0000b000 08:03 131545                     /lib/x86_64-linux-gnu/libnss_nis-2.27.so
7f1cbe1f5000-7f1cbe1f6000 r--p 0000a000 08:03 131545                     /lib/x86_64-linux-gnu/libnss_nis-2.27.so
7f1cbe1f6000-7f1cbe1f7000 rw-p 0000b000 08:03 131545                     /lib/x86_64-linux-gnu/libnss_nis-2.27.so
7f1cbe1f7000-7f1cbe1ff000 r-xp 00000000 08:03 131535                     /lib/x86_64-linux-gnu/libnss_compat-2.27.so
7f1cbe1ff000-7f1cbe3ff000 ---p 00008000 08:03 131535                     /lib/x86_64-linux-gnu/libnss_compat-2.27.so
7f1cbe3ff000-7f1cbe400000 r--p 00008000 08:03 131535                     /lib/x86_64-linux-gnu/libnss_compat-2.27.so
7f1cbe400000-7f1cbe401000 rw-p 00009000 08:03 131535                     /lib/x86_64-linux-gnu/libnss_compat-2.27.so
7f1cbe401000-7f1cbe42d000 r-xp 00000000 08:03 2514936                    /usr/lib/jvm/java-11-openjdk-amd64/lib/libjava.so
7f1cbe42d000-7f1cbe62c000 ---p 0002c000 08:03 2514936                    /usr/lib/jvm/java-11-openjdk-amd64/lib/libjava.so
7f1cbe62c000-7f1cbe62d000 r--p 0002b000 08:03 2514936                    /usr/lib/jvm/java-11-openjdk-amd64/lib/libjava.so
7f1cbe62d000-7f1cbe62f000 rw-p 0002c000 08:03 2514936                    /usr/lib/jvm/java-11-openjdk-amd64/lib/libjava.so
7f1cbe62f000-7f1cbe63c000 r-xp 00000000 08:03 2515883                    /usr/lib/jvm/java-11-openjdk-amd64/lib/libverify.so
7f1cbe63c000-7f1cbe83b000 ---p 0000d000 08:03 2515883                    /usr/lib/jvm/java-11-openjdk-amd64/lib/libverify.so
7f1cbe83b000-7f1cbe83d000 r--p 0000c000 08:03 2515883                    /usr/lib/jvm/java-11-openjdk-amd64/lib/libverify.so
7f1cbe83d000-7f1cbe83e000 rw-p 0000e000 08:03 2515883                    /usr/lib/jvm/java-11-openjdk-amd64/lib/libverify.so
7f1cbe83e000-7f1cbe845000 r-xp 00000000 08:03 131550                     /lib/x86_64-linux-gnu/librt-2.27.so
7f1cbe845000-7f1cbea44000 ---p 00007000 08:03 131550                     /lib/x86_64-linux-gnu/librt-2.27.so
7f1cbea44000-7f1cbea45000 r--p 00006000 08:03 131550                     /lib/x86_64-linux-gnu/librt-2.27.so
7f1cbea45000-7f1cbea46000 rw-p 00007000 08:03 131550                     /lib/x86_64-linux-gnu/librt-2.27.so
7f1cbea46000-7f1cbea5d000 r-xp 00000000 08:03 131402                     /lib/x86_64-linux-gnu/libgcc_s.so.1
7f1cbea5d000-7f1cbec5c000 ---p 00017000 08:03 131402                     /lib/x86_64-linux-gnu/libgcc_s.so.1
7f1cbec5c000-7f1cbec5d000 r--p 00016000 08:03 131402                     /lib/x86_64-linux-gnu/libgcc_s.so.1
7f1cbec5d000-7f1cbec5e000 rw-p 00017000 08:03 131402                     /lib/x86_64-linux-gnu/libgcc_s.so.1
7f1cbec5e000-7f1cbedfb000 r-xp 00000000 08:03 131531                     /lib/x86_64-linux-gnu/libm-2.27.so
7f1cbedfb000-7f1cbeffa000 ---p 0019d000 08:03 131531                     /lib/x86_64-linux-gnu/libm-2.27.so
7f1cbeffa000-7f1cbeffb000 r--p 0019c000 08:03 131531                     /lib/x86_64-linux-gnu/libm-2.27.so
7f1cbeffb000-7f1cbeffc000 rw-p 0019d000 08:03 131531                     /lib/x86_64-linux-gnu/libm-2.27.so
7f1cbeffc000-7f1cbf17a000 r-xp 00000000 08:03 397287                     /usr/lib/x86_64-linux-gnu/libstdc++.so.6.0.25
7f1cbf17a000-7f1cbf37a000 ---p 0017e000 08:03 397287                     /usr/lib/x86_64-linux-gnu/libstdc++.so.6.0.25
7f1cbf37a000-7f1cbf384000 r--p 0017e000 08:03 397287                     /usr/lib/x86_64-linux-gnu/libstdc++.so.6.0.25
7f1cbf384000-7f1cbf386000 rw-p 00188000 08:03 397287                     /usr/lib/x86_64-linux-gnu/libstdc++.so.6.0.25
7f1cbf386000-7f1cbf38a000 rw-p 00000000 00:00 0 
7f1cbf38a000-7f1cc0327000 r-xp 00000000 08:03 2515889                    /usr/lib/jvm/java-11-openjdk-amd64/lib/server/libjvm.so
7f1cc0327000-7f1cc0527000 ---p 00f9d000 08:03 2515889                    /usr/lib/jvm/java-11-openjdk-amd64/lib/server/libjvm.so
7f1cc0527000-7f1cc05eb000 r--p 00f9d000 08:03 2515889                    /usr/lib/jvm/java-11-openjdk-amd64/lib/server/libjvm.so
7f1cc05eb000-7f1cc0623000 rw-p 01061000 08:03 2515889                    /usr/lib/jvm/java-11-openjdk-amd64/lib/server/libjvm.so
7f1cc0623000-7f1cc066c000 rw-p 00000000 00:00 0 
7f1cc066c000-7f1cc0686000 r-xp 00000000 08:03 131548                     /lib/x86_64-linux-gnu/libpthread-2.27.so
7f1cc0686000-7f1cc0885000 ---p 0001a000 08:03 131548                     /lib/x86_64-linux-gnu/libpthread-2.27.so
7f1cc0885000-7f1cc0886000 r--p 00019000 08:03 131548                     /lib/x86_64-linux-gnu/libpthread-2.27.so
7f1cc0886000-7f1cc0887000 rw-p 0001a000 08:03 131548                     /lib/x86_64-linux-gnu/libpthread-2.27.so
7f1cc0887000-7f1cc088b000 rw-p 00000000 00:00 0 
7f1cc088b000-7f1cc088e000 r-xp 00000000 08:03 131530                     /lib/x86_64-linux-gnu/libdl-2.27.so
7f1cc088e000-7f1cc0a8d000 ---p 00003000 08:03 131530                     /lib/x86_64-linux-gnu/libdl-2.27.so
7f1cc0a8d000-7f1cc0a8e000 r--p 00002000 08:03 131530                     /lib/x86_64-linux-gnu/libdl-2.27.so
7f1cc0a8e000-7f1cc0a8f000 rw-p 00003000 08:03 131530                     /lib/x86_64-linux-gnu/libdl-2.27.so
7f1cc0a8f000-7f1cc0aab000 r-xp 00000000 08:03 131565                     /lib/x86_64-linux-gnu/libz.so.1.2.11
7f1cc0aab000-7f1cc0caa000 ---p 0001c000 08:03 131565                     /lib/x86_64-linux-gnu/libz.so.1.2.11
7f1cc0caa000-7f1cc0cab000 r--p 0001b000 08:03 131565                     /lib/x86_64-linux-gnu/libz.so.1.2.11
7f1cc0cab000-7f1cc0cac000 rw-p 0001c000 08:03 131565                     /lib/x86_64-linux-gnu/libz.so.1.2.11
7f1cc0cac000-7f1cc0e93000 r-xp 00000000 08:03 131527                     /lib/x86_64-linux-gnu/libc-2.27.so
7f1cc0e93000-7f1cc1093000 ---p 001e7000 08:03 131527                     /lib/x86_64-linux-gnu/libc-2.27.so
7f1cc1093000-7f1cc1097000 r--p 001e7000 08:03 131527                     /lib/x86_64-linux-gnu/libc-2.27.so
7f1cc1097000-7f1cc1099000 rw-p 001eb000 08:03 131527                     /lib/x86_64-linux-gnu/libc-2.27.so
7f1cc1099000-7f1cc109d000 rw-p 00000000 00:00 0 
7f1cc109d000-7f1cc10ac000 r-xp 00000000 08:03 2514920                    /usr/lib/jvm/java-11-openjdk-amd64/lib/jli/libjli.so
7f1cc10ac000-7f1cc12ab000 ---p 0000f000 08:03 2514920                    /usr/lib/jvm/java-11-openjdk-amd64/lib/jli/libjli.so
7f1cc12ab000-7f1cc12ac000 r--p 0000e000 08:03 2514920                    /usr/lib/jvm/java-11-openjdk-amd64/lib/jli/libjli.so
7f1cc12ac000-7f1cc12ad000 rw-p 0000f000 08:03 2514920                    /usr/lib/jvm/java-11-openjdk-amd64/lib/jli/libjli.so
7f1cc12ad000-7f1cc12d4000 r-xp 00000000 08:03 131523                     /lib/x86_64-linux-gnu/ld-2.27.so
7f1cc12d4000-7f1cc1391000 rw-p 00000000 00:00 0 
7f1cc1391000-7f1cc1492000 rwxp 00000000 00:00 0 
7f1cc1492000-7f1cc1494000 rw-p 00000000 00:00 0 
7f1cc14bb000-7f1cc14c1000 rw-p 00000000 00:00 0 
7f1cc14c1000-7f1cc14c8000 ---p 00000000 00:00 0 
7f1cc14c8000-7f1cc14d0000 rw-s 00000000 08:03 2491924                    /tmp/hsperfdata_akshay/13490
7f1cc14d0000-7f1cc14d1000 ---p 00000000 00:00 0 
7f1cc14d1000-7f1cc14d2000 r--p 00000000 00:00 0 
7f1cc14d2000-7f1cc14d4000 rw-p 00000000 00:00 0 
7f1cc14d4000-7f1cc14d5000 r--p 00027000 08:03 131523                     /lib/x86_64-linux-gnu/ld-2.27.so
7f1cc14d5000-7f1cc14d6000 rw-p 00028000 08:03 131523                     /lib/x86_64-linux-gnu/ld-2.27.so
7f1cc14d6000-7f1cc14d7000 rw-p 00000000 00:00 0 
7ffe25e70000-7ffe25e8f000 rwxp 00000000 00:00 0                          [stack]
7ffe25e8f000-7ffe25e91000 rw-p 00000000 00:00 0 
7ffe25fa5000-7ffe25fa8000 r--p 00000000 00:00 0                          [vvar]
7ffe25fa8000-7ffe25faa000 r-xp 00000000 00:00 0                          [vdso]
ffffffffff600000-ffffffffff601000 r-xp 00000000 00:00 0                  [vsyscall]


VM Arguments:
jvm_args: -Djava.library.path=/home/akshay/Projects/Visp-WS/build/lib -Dfile.encoding=UTF-8 
java_command: Main
java_class_path (initial): /home/akshay/Projects/GSOC/visp-java-demos/visp-io-module-demo/bin:/home/akshay/Projects/Visp-WS/build/bin/visp-320.jar
Launcher Type: SUN_STANDARD

Logging:
Log output configuration:
#0: stdout all=warning uptime,level,tags
#1: stderr all=off uptime,level,tags

Environment Variables:
JAVA_HOME=/usr/java/jdk1.8.0_111
PATH=/home/akshay/bin:/home/akshay/.local/bin:/usr/local/sbin:/usr/local/bin:/usr/sbin:/usr/bin:/sbin:/bin:/usr/games:/usr/local/games:/home/akshay/Downloads/pycharm-community-2016.3.1/bin:/snap/bin:/home/akshay/bin:/usr/java/jdk1.8.0_111/bin:/home/akshay/Downloads/pycharm-community-2016.3.1/bin:/home/akshay/Projects/vision/aruco304/src:~/.npm-global/bin
USERNAME=akshay
SHELL=/bin/bash
DISPLAY=:0

Signal Handlers:
SIGSEGV: [libjvm.so+0xd28a90], sa_mask[0]=11111111011111111101111111111110, sa_flags=SA_RESTART|SA_SIGINFO
SIGBUS: [libjvm.so+0xd28a90], sa_mask[0]=11111111011111111101111111111110, sa_flags=SA_RESTART|SA_SIGINFO
SIGFPE: [libjvm.so+0xd28a90], sa_mask[0]=11111111011111111101111111111110, sa_flags=SA_RESTART|SA_SIGINFO
SIGPIPE: [libjvm.so+0xb2a110], sa_mask[0]=11111111011111111101111111111110, sa_flags=SA_RESTART|SA_SIGINFO
SIGXFSZ: [libjvm.so+0xb2a110], sa_mask[0]=11111111011111111101111111111110, sa_flags=SA_RESTART|SA_SIGINFO
SIGILL: [libjvm.so+0xd28a90], sa_mask[0]=11111111011111111101111111111110, sa_flags=SA_RESTART|SA_SIGINFO
SIGUSR2: [libjvm.so+0xb29f50], sa_mask[0]=00100000000000000000000000000000, sa_flags=SA_RESTART|SA_SIGINFO
SIGHUP: [libjvm.so+0xb2a0a0], sa_mask[0]=11111111011111111101111111111110, sa_flags=SA_RESTART|SA_SIGINFO
SIGINT: [libjvm.so+0xb2a0a0], sa_mask[0]=11111111011111111101111111111110, sa_flags=SA_RESTART|SA_SIGINFO
SIGTERM: [libjvm.so+0xb2a0a0], sa_mask[0]=11111111011111111101111111111110, sa_flags=SA_RESTART|SA_SIGINFO
SIGQUIT: [libjvm.so+0xb2a0a0], sa_mask[0]=11111111011111111101111111111110, sa_flags=SA_RESTART|SA_SIGINFO


---------------  S Y S T E M  ---------------

OS:DISTRIB_ID=Ubuntu
DISTRIB_RELEASE=18.04
DISTRIB_CODENAME=bionic
DISTRIB_DESCRIPTION="Ubuntu 18.04 LTS"
uname:Linux 4.15.0-24-generic #26-Ubuntu SMP Wed Jun 13 08:44:47 UTC 2018 x86_64
libc:glibc 2.27 NPTL 2.27 
rlimit: STACK 8192k, CORE 0k, NPROC 46198, NOFILE 1048576, AS infinity, DATA infinity, FSIZE infinity
load average:1.03 1.84 1.92

/proc/meminfo:
MemTotal:       12205028 kB
MemFree:         1378160 kB
MemAvailable:    4854812 kB
Buffers:          981784 kB
Cached:          2972208 kB
SwapCached:         1016 kB
Active:          8006532 kB
Inactive:        1945328 kB
Active(anon):    5573196 kB
Inactive(anon):  1060004 kB
Active(file):    2433336 kB
Inactive(file):   885324 kB
Unevictable:        2944 kB
Mlocked:            2944 kB
SwapTotal:      12490748 kB
SwapFree:       12486252 kB
Dirty:               184 kB
Writeback:             0 kB
AnonPages:       5999996 kB
Mapped:          1195804 kB
Shmem:            635332 kB
Slab:             610612 kB
SReclaimable:     481632 kB
SUnreclaim:       128980 kB
KernelStack:       19904 kB
PageTables:       135620 kB
NFS_Unstable:          0 kB
Bounce:                0 kB
WritebackTmp:          0 kB
CommitLimit:    18593260 kB
Committed_AS:   102120484 kB
VmallocTotal:   34359738367 kB
VmallocUsed:           0 kB
VmallocChunk:          0 kB
HardwareCorrupted:     0 kB
AnonHugePages:      6144 kB
ShmemHugePages:        0 kB
ShmemPmdMapped:        0 kB
CmaTotal:              0 kB
CmaFree:               0 kB
HugePages_Total:       0
HugePages_Free:        0
HugePages_Rsvd:        0
HugePages_Surp:        0
Hugepagesize:       2048 kB
DirectMap4k:      845996 kB
DirectMap2M:    11644928 kB
DirectMap1G:     1048576 kB

container (cgroup) information:
container_type: cgroupv1
cpu_cpuset_cpus: 0-3
cpu_memory_nodes: 0
active_processor_count: 4
cpu_quota: -1
cpu_period: 100000
cpu_shares: -1
memory_limit_in_bytes: -1
memory_and_swap_limit_in_bytes: -2
memory_soft_limit_in_bytes: -1
memory_usage_in_bytes: 9024626688
memory_max_usage_in_bytes: 11319803904


CPU:total 4 (initial active 4) (2 cores per cpu, 2 threads per core) family 6 model 61 stepping 4, cmov, cx8, fxsr, mmx, sse, sse2, sse3, ssse3, sse4.1, sse4.2, popcnt, avx, avx2, aes, clmul, erms, 3dnowpref, lzcnt, ht, tsc, tscinvbit, bmi1, bmi2, adx, fma
CPU Model and flags from /proc/cpuinfo:
model name	: Intel(R) Core(TM) i5-5200U CPU @ 2.20GHz
flags		: fpu vme de pse tsc msr pae mce cx8 apic sep mtrr pge mca cmov pat pse36 clflush dts acpi mmx fxsr sse sse2 ss ht tm pbe syscall nx pdpe1gb rdtscp lm constant_tsc arch_perfmon pebs bts rep_good nopl xtopology nonstop_tsc cpuid aperfmperf pni pclmulqdq dtes64 monitor ds_cpl vmx est tm2 ssse3 sdbg fma cx16 xtpr pdcm pcid sse4_1 sse4_2 x2apic movbe popcnt tsc_deadline_timer aes xsave avx f16c rdrand lahf_lm abm 3dnowprefetch cpuid_fault epb invpcid_single pti ibrs ibpb stibp tpr_shadow vnmi flexpriority ept vpid fsgsbase tsc_adjust bmi1 avx2 smep bmi2 erms invpcid rdseed adx smap intel_pt xsaveopt dtherm ida arat pln pts

Memory: 4k page, physical 12205028k(1378160k free), swap 12490748k(12486252k free)

vm_info: OpenJDK 64-Bit Server VM (10.0.1+10-Ubuntu-3ubuntu1) for linux-amd64 JRE (10.0.1+10-Ubuntu-3ubuntu1), built on Apr 21 2018 13:41:27 by "buildd" with gcc 7.3.0

END.
